mode: atomic
github.com/erda-project/erda/apistructs/pipeline_dto.go:95.55,97.2 1 3
github.com/erda-project/erda/apistructs/pipeline_dto.go:101.50,103.2 1 6
github.com/erda-project/erda/apistructs/pipeline_dto.go:107.53,109.2 1 5
github.com/erda-project/erda/apistructs/pipeline_dto.go:175.61,181.2 1 0
github.com/erda-project/erda/apistructs/container.go:82.41,82.58 1 0
github.com/erda-project/erda/apistructs/container.go:83.41,83.68 1 0
github.com/erda-project/erda/apistructs/container.go:84.41,84.83 1 0
github.com/erda-project/erda/apistructs/container.go:133.35,133.52 1 0
github.com/erda-project/erda/apistructs/container.go:134.35,134.62 1 0
github.com/erda-project/erda/apistructs/container.go:135.35,135.77 1 0
github.com/erda-project/erda/apistructs/event_request.go:18.59,33.2 2 1
github.com/erda-project/erda/apistructs/issue_property_relation.go:13.48,14.33 1 0
github.com/erda-project/erda/apistructs/issue_property_relation.go:15.15,16.66 1 0
github.com/erda-project/erda/apistructs/issue_property_relation.go:17.14,18.35 1 0
github.com/erda-project/erda/apistructs/issue_property_relation.go:19.10,20.12 1 0
github.com/erda-project/erda/apistructs/issue_property_relation.go:64.61,65.33 1 0
github.com/erda-project/erda/apistructs/issue_property_relation.go:66.15,67.66 1 0
github.com/erda-project/erda/apistructs/issue_property_relation.go:68.14,69.35 1 0
github.com/erda-project/erda/apistructs/issue_property_relation.go:70.10,71.12 1 0
github.com/erda-project/erda/apistructs/pipeline_status.go:14.46,16.2 1 0
github.com/erda-project/erda/apistructs/pipeline_status.go:18.48,19.21 1 0
github.com/erda-project/erda/apistructs/pipeline_status.go:22.2,22.76 1 0
github.com/erda-project/erda/apistructs/pipeline_status.go:19.21,21.3 1 0
github.com/erda-project/erda/apistructs/pipeline_status.go:64.46,65.16 1 0
github.com/erda-project/erda/apistructs/pipeline_status.go:66.50,67.27 1 0
github.com/erda-project/erda/apistructs/pipeline_status.go:68.29,69.24 1 0
github.com/erda-project/erda/apistructs/pipeline_status.go:70.47,71.21 1 0
github.com/erda-project/erda/apistructs/pipeline_status.go:72.29,73.24 1 0
github.com/erda-project/erda/apistructs/pipeline_status.go:74.29,75.24 1 0
github.com/erda-project/erda/apistructs/pipeline_status.go:76.28,77.24 1 0
github.com/erda-project/erda/apistructs/pipeline_status.go:78.35,79.27 1 0
github.com/erda-project/erda/apistructs/pipeline_status.go:80.28,81.18 1 0
github.com/erda-project/erda/apistructs/pipeline_status.go:82.33,83.24 1 0
github.com/erda-project/erda/apistructs/pipeline_status.go:84.32,85.24 1 0
github.com/erda-project/erda/apistructs/pipeline_status.go:86.29,87.18 1 0
github.com/erda-project/erda/apistructs/pipeline_status.go:88.92,89.18 1 0
github.com/erda-project/erda/apistructs/pipeline_status.go:90.34,91.27 1 0
github.com/erda-project/erda/apistructs/pipeline_status.go:92.97,93.18 1 0
github.com/erda-project/erda/apistructs/pipeline_status.go:94.30,95.18 1 0
github.com/erda-project/erda/apistructs/pipeline_status.go:96.34,97.24 1 0
github.com/erda-project/erda/apistructs/pipeline_status.go:98.37,99.30 1 0
github.com/erda-project/erda/apistructs/pipeline_status.go:100.34,101.30 1 0
github.com/erda-project/erda/apistructs/pipeline_status.go:102.10,103.12 1 0
github.com/erda-project/erda/apistructs/pipeline_status.go:107.51,110.2 1 0
github.com/erda-project/erda/apistructs/pipeline_status.go:113.50,115.2 1 0
github.com/erda-project/erda/apistructs/pipeline_status.go:118.52,120.2 1 0
github.com/erda-project/erda/apistructs/pipeline_status.go:122.63,123.16 1 0
github.com/erda-project/erda/apistructs/pipeline_status.go:125.69,126.14 1 0
github.com/erda-project/erda/apistructs/pipeline_status.go:127.10,128.15 1 0
github.com/erda-project/erda/apistructs/pipeline_status.go:132.60,133.16 1 0
github.com/erda-project/erda/apistructs/pipeline_status.go:134.87,135.14 1 0
github.com/erda-project/erda/apistructs/pipeline_status.go:136.10,137.15 1 0
github.com/erda-project/erda/apistructs/pipeline_status.go:141.47,142.105 1 0
github.com/erda-project/erda/apistructs/pipeline_status.go:145.2,145.14 1 0
github.com/erda-project/erda/apistructs/pipeline_status.go:142.105,144.3 1 0
github.com/erda-project/erda/apistructs/pipeline_status.go:148.54,149.16 1 0
github.com/erda-project/erda/apistructs/pipeline_status.go:150.58,151.14 1 0
github.com/erda-project/erda/apistructs/pipeline_status.go:152.10,153.15 1 0
github.com/erda-project/erda/apistructs/pipeline_status.go:157.46,158.16 1 0
github.com/erda-project/erda/apistructs/pipeline_status.go:159.80,160.14 1 0
github.com/erda-project/erda/apistructs/pipeline_status.go:161.10,162.15 1 0
github.com/erda-project/erda/apistructs/pipeline_status.go:166.48,168.2 1 0
github.com/erda-project/erda/apistructs/pipeline_status.go:170.49,172.2 1 0
github.com/erda-project/erda/apistructs/pipeline_status.go:174.53,176.2 1 0
github.com/erda-project/erda/apistructs/pipeline_status.go:178.47,180.38 1 0
github.com/erda-project/erda/apistructs/pipeline_status.go:184.2,184.26 1 0
github.com/erda-project/erda/apistructs/pipeline_status.go:187.2,187.14 1 0
github.com/erda-project/erda/apistructs/pipeline_status.go:180.38,182.3 1 0
github.com/erda-project/erda/apistructs/pipeline_status.go:184.26,186.3 1 0
github.com/erda-project/erda/apistructs/pipeline_status.go:191.58,192.16 1 0
github.com/erda-project/erda/apistructs/pipeline_status.go:195.58,196.14 1 0
github.com/erda-project/erda/apistructs/pipeline_status.go:197.10,198.15 1 0
github.com/erda-project/erda/apistructs/pipeline_status.go:203.60,204.16 1 0
github.com/erda-project/erda/apistructs/pipeline_status.go:207.100,208.14 1 0
github.com/erda-project/erda/apistructs/pipeline_status.go:209.10,210.15 1 0
github.com/erda-project/erda/apistructs/pipeline_status.go:214.52,216.2 1 0
github.com/erda-project/erda/apistructs/pipeline_status.go:218.74,219.30 1 0
github.com/erda-project/erda/apistructs/pipeline_status.go:222.2,222.36 1 0
github.com/erda-project/erda/apistructs/pipeline_status.go:225.2,225.37 1 0
github.com/erda-project/erda/apistructs/pipeline_status.go:228.2,228.15 1 0
github.com/erda-project/erda/apistructs/pipeline_status.go:219.30,221.3 1 0
github.com/erda-project/erda/apistructs/pipeline_status.go:222.36,224.3 1 0
github.com/erda-project/erda/apistructs/pipeline_status.go:225.37,227.3 1 0
github.com/erda-project/erda/apistructs/pipeline_templates.go:174.46,175.18 1 0
github.com/erda-project/erda/apistructs/pipeline_templates.go:179.2,179.22 1 0
github.com/erda-project/erda/apistructs/pipeline_templates.go:187.2,187.21 1 0
github.com/erda-project/erda/apistructs/pipeline_templates.go:195.2,195.22 1 0
github.com/erda-project/erda/apistructs/pipeline_templates.go:203.2,203.12 1 0
github.com/erda-project/erda/apistructs/pipeline_templates.go:175.18,177.3 1 0
github.com/erda-project/erda/apistructs/pipeline_templates.go:179.22,181.3 1 0
github.com/erda-project/erda/apistructs/pipeline_templates.go:187.21,188.30 1 0
github.com/erda-project/erda/apistructs/pipeline_templates.go:188.30,189.36 1 0
github.com/erda-project/erda/apistructs/pipeline_templates.go:189.36,191.5 1 0
github.com/erda-project/erda/apistructs/pipeline_templates.go:195.22,196.31 1 0
github.com/erda-project/erda/apistructs/pipeline_templates.go:196.31,197.36 1 0
github.com/erda-project/erda/apistructs/pipeline_templates.go:197.36,199.5 1 0
github.com/erda-project/erda/apistructs/pipeline_templates.go:215.44,217.23 1 0
github.com/erda-project/erda/apistructs/pipeline_templates.go:221.2,221.12 1 0
github.com/erda-project/erda/apistructs/pipeline_templates.go:217.23,219.3 1 0
github.com/erda-project/erda/apistructs/pipeline_templates.go:230.45,231.23 1 0
github.com/erda-project/erda/apistructs/pipeline_templates.go:235.2,235.22 1 0
github.com/erda-project/erda/apistructs/pipeline_templates.go:239.2,239.12 1 0
github.com/erda-project/erda/apistructs/pipeline_templates.go:231.23,233.3 1 0
github.com/erda-project/erda/apistructs/pipeline_templates.go:235.22,237.3 1 0
github.com/erda-project/erda/apistructs/autotest_plan_detail.go:10.44,12.2 1 0
github.com/erda-project/erda/apistructs/pipeline.go:48.79,50.25 2 0
github.com/erda-project/erda/apistructs/pipeline.go:53.2,53.15 1 0
github.com/erda-project/erda/apistructs/pipeline.go:50.25,52.3 1 0
github.com/erda-project/erda/apistructs/pipeline.go:138.89,140.25 2 0
github.com/erda-project/erda/apistructs/pipeline.go:143.2,143.15 1 0
github.com/erda-project/erda/apistructs/pipeline.go:140.25,142.3 1 0
github.com/erda-project/erda/apistructs/pipeline.go:307.67,311.70 3 0
github.com/erda-project/erda/apistructs/pipeline.go:314.2,318.32 3 0
github.com/erda-project/erda/apistructs/pipeline.go:321.2,321.35 1 0
github.com/erda-project/erda/apistructs/pipeline.go:330.2,330.55 1 0
github.com/erda-project/erda/apistructs/pipeline.go:338.2,338.31 1 0
github.com/erda-project/erda/apistructs/pipeline.go:341.2,341.34 1 0
github.com/erda-project/erda/apistructs/pipeline.go:350.2,350.54 1 0
github.com/erda-project/erda/apistructs/pipeline.go:360.2,362.37 2 0
github.com/erda-project/erda/apistructs/pipeline.go:370.2,370.35 1 0
github.com/erda-project/erda/apistructs/pipeline.go:379.2,379.39 1 0
github.com/erda-project/erda/apistructs/pipeline.go:382.2,382.37 1 0
github.com/erda-project/erda/apistructs/pipeline.go:386.2,386.12 1 0
github.com/erda-project/erda/apistructs/pipeline.go:311.70,313.3 1 0
github.com/erda-project/erda/apistructs/pipeline.go:318.32,320.3 1 0
github.com/erda-project/erda/apistructs/pipeline.go:321.35,323.91 2 0
github.com/erda-project/erda/apistructs/pipeline.go:326.3,326.37 1 0
github.com/erda-project/erda/apistructs/pipeline.go:323.91,325.4 1 0
github.com/erda-project/erda/apistructs/pipeline.go:326.37,328.4 1 0
github.com/erda-project/erda/apistructs/pipeline.go:330.55,332.19 2 0
github.com/erda-project/erda/apistructs/pipeline.go:335.3,335.93 1 0
github.com/erda-project/erda/apistructs/pipeline.go:332.19,334.4 1 0
github.com/erda-project/erda/apistructs/pipeline.go:338.31,340.3 1 0
github.com/erda-project/erda/apistructs/pipeline.go:341.34,343.89 2 0
github.com/erda-project/erda/apistructs/pipeline.go:346.3,346.36 1 0
github.com/erda-project/erda/apistructs/pipeline.go:343.89,345.4 1 0
github.com/erda-project/erda/apistructs/pipeline.go:346.36,348.4 1 0
github.com/erda-project/erda/apistructs/pipeline.go:350.54,352.19 2 0
github.com/erda-project/erda/apistructs/pipeline.go:355.3,355.91 1 0
github.com/erda-project/erda/apistructs/pipeline.go:352.19,354.4 1 0
github.com/erda-project/erda/apistructs/pipeline.go:362.37,364.3 1 0
github.com/erda-project/erda/apistructs/pipeline.go:364.8,364.40 1 0
github.com/erda-project/erda/apistructs/pipeline.go:364.40,366.29 2 0
github.com/erda-project/erda/apistructs/pipeline.go:366.29,368.4 1 0
github.com/erda-project/erda/apistructs/pipeline.go:370.35,372.3 1 0
github.com/erda-project/erda/apistructs/pipeline.go:372.8,372.38 1 0
github.com/erda-project/erda/apistructs/pipeline.go:372.38,374.27 2 0
github.com/erda-project/erda/apistructs/pipeline.go:374.27,376.4 1 0
github.com/erda-project/erda/apistructs/pipeline.go:379.39,381.3 1 0
github.com/erda-project/erda/apistructs/pipeline.go:382.37,384.3 1 0
github.com/erda-project/erda/apistructs/pipeline.go:390.74,394.37 2 0
github.com/erda-project/erda/apistructs/pipeline.go:397.2,401.40 5 0
github.com/erda-project/erda/apistructs/pipeline.go:404.2,405.37 2 0
github.com/erda-project/erda/apistructs/pipeline.go:408.2,408.35 1 0
github.com/erda-project/erda/apistructs/pipeline.go:411.2,411.39 1 0
github.com/erda-project/erda/apistructs/pipeline.go:414.2,414.37 1 0
github.com/erda-project/erda/apistructs/pipeline.go:417.2,428.14 11 0
github.com/erda-project/erda/apistructs/pipeline.go:394.37,396.3 1 0
github.com/erda-project/erda/apistructs/pipeline.go:401.40,403.3 1 0
github.com/erda-project/erda/apistructs/pipeline.go:405.37,407.3 1 0
github.com/erda-project/erda/apistructs/pipeline.go:408.35,410.3 1 0
github.com/erda-project/erda/apistructs/pipeline.go:411.39,413.3 1 0
github.com/erda-project/erda/apistructs/pipeline.go:414.37,416.3 1 0
github.com/erda-project/erda/apistructs/pipeline.go:561.59,563.22 2 0
github.com/erda-project/erda/apistructs/pipeline.go:566.2,566.17 1 0
github.com/erda-project/erda/apistructs/pipeline.go:563.22,565.3 1 0
github.com/erda-project/erda/apistructs/runtime.go:134.35,136.16 2 0
github.com/erda-project/erda/apistructs/runtime.go:139.2,139.10 1 0
github.com/erda-project/erda/apistructs/runtime.go:136.16,138.3 1 0
github.com/erda-project/erda/apistructs/runtime.go:142.34,143.20 1 0
github.com/erda-project/erda/apistructs/runtime.go:146.2,146.10 1 0
github.com/erda-project/erda/apistructs/runtime.go:143.20,145.3 1 0
github.com/erda-project/erda/apistructs/audits.go:228.68,230.38 2 0
github.com/erda-project/erda/apistructs/audits.go:250.2,250.35 1 0
github.com/erda-project/erda/apistructs/audits.go:230.38,231.20 1 0
github.com/erda-project/erda/apistructs/audits.go:231.20,232.27 1 0
github.com/erda-project/erda/apistructs/audits.go:246.4,246.28 1 0
github.com/erda-project/erda/apistructs/audits.go:232.27,233.14 1 0
github.com/erda-project/erda/apistructs/audits.go:238.5,238.9 1 0
github.com/erda-project/erda/apistructs/audits.go:233.14,235.6 1 0
github.com/erda-project/erda/apistructs/audits.go:235.11,237.6 1 0
github.com/erda-project/erda/apistructs/audits.go:238.9,240.22 2 0
github.com/erda-project/erda/apistructs/audits.go:243.6,243.52 1 0
github.com/erda-project/erda/apistructs/audits.go:240.22,241.12 1 0
github.com/erda-project/erda/apistructs/audits.go:250.35,251.20 1 0
github.com/erda-project/erda/apistructs/audits.go:251.20,252.27 1 0
github.com/erda-project/erda/apistructs/audits.go:266.4,266.25 1 0
github.com/erda-project/erda/apistructs/audits.go:252.27,253.9 1 0
github.com/erda-project/erda/apistructs/audits.go:253.9,254.15 1 0
github.com/erda-project/erda/apistructs/audits.go:259.6,260.22 2 0
github.com/erda-project/erda/apistructs/audits.go:263.6,263.52 1 0
github.com/erda-project/erda/apistructs/audits.go:254.15,256.7 1 0
github.com/erda-project/erda/apistructs/audits.go:256.12,258.7 1 0
github.com/erda-project/erda/apistructs/audits.go:260.22,261.12 1 0
github.com/erda-project/erda/apistructs/audits.go:271.42,272.12 1 0
github.com/erda-project/erda/apistructs/audits.go:276.2,276.25 1 0
github.com/erda-project/erda/apistructs/audits.go:272.12,274.3 1 0
github.com/erda-project/erda/apistructs/audits.go:308.43,310.28 1 0
github.com/erda-project/erda/apistructs/audits.go:314.2,314.21 1 0
github.com/erda-project/erda/apistructs/audits.go:318.2,318.19 1 0
github.com/erda-project/erda/apistructs/audits.go:322.2,322.19 1 0
github.com/erda-project/erda/apistructs/audits.go:326.2,326.21 1 0
github.com/erda-project/erda/apistructs/audits.go:330.2,330.22 1 0
github.com/erda-project/erda/apistructs/audits.go:334.2,334.12 1 0
github.com/erda-project/erda/apistructs/audits.go:310.28,312.3 1 0
github.com/erda-project/erda/apistructs/audits.go:314.21,316.3 1 0
github.com/erda-project/erda/apistructs/audits.go:318.19,320.3 1 0
github.com/erda-project/erda/apistructs/audits.go:322.19,324.3 1 0
github.com/erda-project/erda/apistructs/audits.go:326.21,328.3 1 0
github.com/erda-project/erda/apistructs/audits.go:330.22,332.3 1 0
github.com/erda-project/erda/apistructs/unified_filetree.go:34.48,36.2 1 0
github.com/erda-project/erda/apistructs/unified_filetree.go:37.47,39.2 1 0
github.com/erda-project/erda/apistructs/unified_filetree.go:41.50,43.2 1 0
github.com/erda-project/erda/apistructs/unified_filetree.go:45.47,46.13 1 0
github.com/erda-project/erda/apistructs/unified_filetree.go:49.2,49.11 1 0
github.com/erda-project/erda/apistructs/unified_filetree.go:46.13,48.3 1 0
github.com/erda-project/erda/apistructs/unified_filetree.go:50.63,51.14 1 0
github.com/erda-project/erda/apistructs/unified_filetree.go:52.10,53.15 1 0
github.com/erda-project/erda/apistructs/unified_filetree.go:76.52,78.2 1 0
github.com/erda-project/erda/apistructs/unified_filetree.go:81.75,82.25 1 0
github.com/erda-project/erda/apistructs/unified_filetree.go:85.2,85.29 1 0
github.com/erda-project/erda/apistructs/unified_filetree.go:88.2,88.12 1 0
github.com/erda-project/erda/apistructs/unified_filetree.go:82.25,84.3 1 0
github.com/erda-project/erda/apistructs/unified_filetree.go:85.29,87.3 1 0
github.com/erda-project/erda/apistructs/unified_filetree.go:107.67,108.23 1 0
github.com/erda-project/erda/apistructs/unified_filetree.go:111.2,111.79 1 0
github.com/erda-project/erda/apistructs/unified_filetree.go:114.2,114.81 1 0
github.com/erda-project/erda/apistructs/unified_filetree.go:117.2,117.12 1 0
github.com/erda-project/erda/apistructs/unified_filetree.go:108.23,110.3 1 0
github.com/erda-project/erda/apistructs/unified_filetree.go:111.79,113.3 1 0
github.com/erda-project/erda/apistructs/unified_filetree.go:114.81,116.3 1 0
github.com/erda-project/erda/apistructs/unified_filetree.go:120.69,121.44 1 0
github.com/erda-project/erda/apistructs/unified_filetree.go:125.2,125.22 1 0
github.com/erda-project/erda/apistructs/unified_filetree.go:129.2,129.80 1 0
github.com/erda-project/erda/apistructs/unified_filetree.go:132.2,132.82 1 0
github.com/erda-project/erda/apistructs/unified_filetree.go:135.2,135.12 1 0
github.com/erda-project/erda/apistructs/unified_filetree.go:121.44,123.3 1 0
github.com/erda-project/erda/apistructs/unified_filetree.go:125.22,127.3 1 0
github.com/erda-project/erda/apistructs/unified_filetree.go:129.80,131.3 1 0
github.com/erda-project/erda/apistructs/unified_filetree.go:132.82,134.3 1 0
github.com/erda-project/erda/apistructs/unified_filetree.go:138.72,139.44 1 0
github.com/erda-project/erda/apistructs/unified_filetree.go:143.2,143.22 1 0
github.com/erda-project/erda/apistructs/unified_filetree.go:147.2,147.12 1 0
github.com/erda-project/erda/apistructs/unified_filetree.go:139.44,141.3 1 0
github.com/erda-project/erda/apistructs/unified_filetree.go:143.22,145.3 1 0
github.com/erda-project/erda/apistructs/unified_filetree.go:150.66,151.44 1 0
github.com/erda-project/erda/apistructs/unified_filetree.go:155.2,155.22 1 0
github.com/erda-project/erda/apistructs/unified_filetree.go:158.2,158.12 1 0
github.com/erda-project/erda/apistructs/unified_filetree.go:151.44,153.3 1 0
github.com/erda-project/erda/apistructs/unified_filetree.go:155.22,157.3 1 0
github.com/erda-project/erda/apistructs/unified_filetree.go:175.67,176.80 1 0
github.com/erda-project/erda/apistructs/unified_filetree.go:179.2,179.12 1 0
github.com/erda-project/erda/apistructs/unified_filetree.go:176.80,178.3 1 0
github.com/erda-project/erda/apistructs/unified_filetree.go:196.64,197.80 1 0
github.com/erda-project/erda/apistructs/unified_filetree.go:200.2,200.12 1 0
github.com/erda-project/erda/apistructs/unified_filetree.go:197.80,199.3 1 0
github.com/erda-project/erda/apistructs/unified_filetree.go:217.76,218.80 1 0
github.com/erda-project/erda/apistructs/unified_filetree.go:221.2,221.12 1 0
github.com/erda-project/erda/apistructs/unified_filetree.go:218.80,220.3 1 0
github.com/erda-project/erda/apistructs/unified_filetree.go:237.65,238.80 1 0
github.com/erda-project/erda/apistructs/unified_filetree.go:241.2,241.81 1 0
github.com/erda-project/erda/apistructs/unified_filetree.go:244.2,244.12 1 0
github.com/erda-project/erda/apistructs/unified_filetree.go:238.80,240.3 1 0
github.com/erda-project/erda/apistructs/unified_filetree.go:241.81,243.3 1 0
github.com/erda-project/erda/apistructs/unified_filetree.go:260.65,261.80 1 0
github.com/erda-project/erda/apistructs/unified_filetree.go:264.2,264.81 1 0
github.com/erda-project/erda/apistructs/unified_filetree.go:267.2,267.12 1 0
github.com/erda-project/erda/apistructs/unified_filetree.go:261.80,263.3 1 0
github.com/erda-project/erda/apistructs/unified_filetree.go:264.81,266.3 1 0
github.com/erda-project/erda/apistructs/unified_filetree.go:284.65,285.81 1 0
github.com/erda-project/erda/apistructs/unified_filetree.go:289.2,289.30 1 0
github.com/erda-project/erda/apistructs/unified_filetree.go:297.2,297.12 1 0
github.com/erda-project/erda/apistructs/unified_filetree.go:285.81,287.3 1 0
github.com/erda-project/erda/apistructs/unified_filetree.go:289.30,290.81 1 0
github.com/erda-project/erda/apistructs/unified_filetree.go:293.3,293.83 1 0
github.com/erda-project/erda/apistructs/unified_filetree.go:290.81,292.4 1 0
github.com/erda-project/erda/apistructs/unified_filetree.go:293.83,295.4 1 0
github.com/erda-project/erda/apistructs/unified_filetree.go:314.74,315.80 1 0
github.com/erda-project/erda/apistructs/unified_filetree.go:318.2,318.12 1 0
github.com/erda-project/erda/apistructs/unified_filetree.go:315.80,317.3 1 0
github.com/erda-project/erda/apistructs/unified_filetree.go:344.72,346.80 1 0
github.com/erda-project/erda/apistructs/unified_filetree.go:349.2,349.82 1 0
github.com/erda-project/erda/apistructs/unified_filetree.go:354.2,354.71 1 0
github.com/erda-project/erda/apistructs/unified_filetree.go:361.2,361.12 1 0
github.com/erda-project/erda/apistructs/unified_filetree.go:346.80,348.3 1 0
github.com/erda-project/erda/apistructs/unified_filetree.go:349.82,351.3 1 0
github.com/erda-project/erda/apistructs/unified_filetree.go:354.71,355.26 1 0
github.com/erda-project/erda/apistructs/unified_filetree.go:358.3,358.47 1 0
github.com/erda-project/erda/apistructs/unified_filetree.go:355.26,357.4 1 0
github.com/erda-project/erda/apistructs/api_asset.go:25.50,27.2 1 0
github.com/erda-project/erda/apistructs/api_asset.go:37.48,39.2 1 0
github.com/erda-project/erda/apistructs/api_asset.go:41.37,42.11 1 0
github.com/erda-project/erda/apistructs/api_asset.go:43.46,44.14 1 0
github.com/erda-project/erda/apistructs/api_asset.go:45.10,46.15 1 0
github.com/erda-project/erda/apistructs/api_asset.go:65.39,66.11 1 0
github.com/erda-project/erda/apistructs/api_asset.go:68.52,69.14 1 0
github.com/erda-project/erda/apistructs/api_asset.go:70.10,71.15 1 0
github.com/erda-project/erda/apistructs/api_asset.go:86.39,87.11 1 0
github.com/erda-project/erda/apistructs/api_asset.go:88.76,89.14 1 0
github.com/erda-project/erda/apistructs/api_asset.go:90.10,91.15 1 0
github.com/erda-project/erda/apistructs/api_asset.go:103.50,105.2 1 0
github.com/erda-project/erda/apistructs/api_asset.go:125.42,133.2 1 0
github.com/erda-project/erda/apistructs/api_asset.go:137.36,138.11 1 0
github.com/erda-project/erda/apistructs/api_asset.go:139.65,140.14 1 0
github.com/erda-project/erda/apistructs/api_asset.go:141.10,142.15 1 0
github.com/erda-project/erda/apistructs/api_asset.go:173.44,175.2 1 0
github.com/erda-project/erda/apistructs/api_asset.go:198.51,200.2 1 0
github.com/erda-project/erda/apistructs/api_asset.go:213.55,215.2 1 0
github.com/erda-project/erda/apistructs/api_asset.go:237.46,239.2 1 0
github.com/erda-project/erda/apistructs/api_asset.go:263.48,265.2 1 0
github.com/erda-project/erda/apistructs/api_asset.go:278.41,280.2 1 0
github.com/erda-project/erda/apistructs/api_asset.go:297.43,299.2 1 0
github.com/erda-project/erda/apistructs/api_asset.go:311.49,313.2 1 0
github.com/erda-project/erda/apistructs/api_asset.go:334.38,336.2 1 0
github.com/erda-project/erda/apistructs/api_asset.go:346.43,348.2 1 0
github.com/erda-project/erda/apistructs/api_asset.go:364.47,366.2 1 0
github.com/erda-project/erda/apistructs/api_asset.go:377.50,379.2 1 0
github.com/erda-project/erda/apistructs/member.go:185.55,186.21 1 0
github.com/erda-project/erda/apistructs/member.go:190.2,190.24 1 0
github.com/erda-project/erda/apistructs/member.go:194.2,194.50 1 0
github.com/erda-project/erda/apistructs/member.go:198.2,198.20 1 0
github.com/erda-project/erda/apistructs/member.go:202.2,202.22 1 0
github.com/erda-project/erda/apistructs/member.go:206.2,206.12 1 0
github.com/erda-project/erda/apistructs/member.go:186.21,188.3 1 0
github.com/erda-project/erda/apistructs/member.go:190.24,192.3 1 0
github.com/erda-project/erda/apistructs/member.go:194.50,196.3 1 0
github.com/erda-project/erda/apistructs/member.go:198.20,200.3 1 0
github.com/erda-project/erda/apistructs/member.go:202.22,204.3 1 0
github.com/erda-project/erda/apistructs/member.go:241.108,242.31 1 0
github.com/erda-project/erda/apistructs/member.go:248.2,248.14 1 0
github.com/erda-project/erda/apistructs/member.go:242.31,243.55 1 0
github.com/erda-project/erda/apistructs/member.go:243.55,245.4 1 0
github.com/erda-project/erda/apistructs/member.go:252.97,253.34 1 0
github.com/erda-project/erda/apistructs/member.go:259.2,259.14 1 0
github.com/erda-project/erda/apistructs/member.go:253.34,254.55 1 0
github.com/erda-project/erda/apistructs/member.go:254.55,256.4 1 0
github.com/erda-project/erda/apistructs/file.go:22.44,23.13 1 0
github.com/erda-project/erda/apistructs/file.go:24.47,25.25 1 0
github.com/erda-project/erda/apistructs/file.go:26.10,27.23 1 0
github.com/erda-project/erda/apistructs/user.go:365.117,369.34 4 0
github.com/erda-project/erda/apistructs/user.go:394.2,395.35 2 0
github.com/erda-project/erda/apistructs/user.go:399.2,399.32 1 0
github.com/erda-project/erda/apistructs/user.go:369.34,371.22 2 0
github.com/erda-project/erda/apistructs/user.go:374.3,391.34 6 0
github.com/erda-project/erda/apistructs/user.go:371.22,372.12 1 0
github.com/erda-project/erda/apistructs/user.go:395.35,397.3 1 0
github.com/erda-project/erda/apistructs/user.go:402.40,404.20 2 0
github.com/erda-project/erda/apistructs/user.go:410.2,410.17 1 0
github.com/erda-project/erda/apistructs/user.go:404.20,408.3 3 0
github.com/erda-project/erda/apistructs/user.go:413.40,415.20 2 0
github.com/erda-project/erda/apistructs/user.go:421.2,421.17 1 0
github.com/erda-project/erda/apistructs/user.go:415.20,419.3 3 0
github.com/erda-project/erda/apistructs/user.go:425.48,427.22 1 0
github.com/erda-project/erda/apistructs/user.go:431.2,431.47 1 0
github.com/erda-project/erda/apistructs/user.go:427.22,429.3 1 0
github.com/erda-project/erda/apistructs/user.go:463.53,468.39 1 0
github.com/erda-project/erda/apistructs/user.go:479.2,479.48 1 0
github.com/erda-project/erda/apistructs/user.go:483.2,483.12 1 0
github.com/erda-project/erda/apistructs/user.go:468.39,472.33 3 0
github.com/erda-project/erda/apistructs/user.go:476.3,476.13 1 0
github.com/erda-project/erda/apistructs/user.go:472.33,475.4 2 0
github.com/erda-project/erda/apistructs/user.go:479.48,481.3 1 0
github.com/erda-project/erda/apistructs/api_doc.go:30.45,32.2 1 0
github.com/erda-project/erda/apistructs/api_doc.go:46.51,48.2 1 0
github.com/erda-project/erda/apistructs/api_doc.go:174.42,175.14 1 0
github.com/erda-project/erda/apistructs/api_doc.go:178.2,178.56 1 0
github.com/erda-project/erda/apistructs/api_doc.go:175.14,177.3 1 0
github.com/erda-project/erda/apistructs/issue_related.go:13.54,14.22 1 0
github.com/erda-project/erda/apistructs/issue_related.go:18.2,18.27 1 0
github.com/erda-project/erda/apistructs/issue_related.go:22.2,22.24 1 0
github.com/erda-project/erda/apistructs/issue_related.go:26.2,26.12 1 0
github.com/erda-project/erda/apistructs/issue_related.go:14.22,16.3 1 0
github.com/erda-project/erda/apistructs/issue_related.go:18.27,20.3 1 0
github.com/erda-project/erda/apistructs/issue_related.go:22.24,24.3 1 0
github.com/erda-project/erda/apistructs/pipeline_task.go:122.58,123.14 1 1
github.com/erda-project/erda/apistructs/pipeline_task.go:126.2,129.23 2 0
github.com/erda-project/erda/apistructs/pipeline_task.go:137.2,137.11 1 0
github.com/erda-project/erda/apistructs/pipeline_task.go:123.14,125.3 1 1
github.com/erda-project/erda/apistructs/pipeline_task.go:129.23,136.3 1 0
github.com/erda-project/erda/apistructs/service_job_status.go:109.52,111.2 1 0
github.com/erda-project/erda/apistructs/service_job_status.go:113.54,114.22 1 0
github.com/erda-project/erda/apistructs/service_job_status.go:128.2,128.43 1 0
github.com/erda-project/erda/apistructs/service_job_status.go:115.23,116.36 1 0
github.com/erda-project/erda/apistructs/service_job_status.go:117.29,118.33 1 0
github.com/erda-project/erda/apistructs/service_job_status.go:119.24,120.27 1 0
github.com/erda-project/erda/apistructs/service_job_status.go:121.26,122.30 1 0
github.com/erda-project/erda/apistructs/service_job_status.go:123.24,124.30 1 0
github.com/erda-project/erda/apistructs/service_job_status.go:125.25,126.30 1 0
github.com/erda-project/erda/apistructs/service_job_status.go:132.65,133.18 1 0
github.com/erda-project/erda/apistructs/service_job_status.go:138.2,139.65 2 0
github.com/erda-project/erda/apistructs/service_job_status.go:133.18,137.3 3 0
github.com/erda-project/erda/apistructs/service_job_status.go:143.61,145.2 1 0
github.com/erda-project/erda/apistructs/service_job_status.go:148.67,150.2 1 0
github.com/erda-project/erda/apistructs/service_job_status.go:153.61,155.2 1 0
github.com/erda-project/erda/apistructs/service_job_status.go:158.64,160.2 1 0
github.com/erda-project/erda/apistructs/service_job_status.go:163.62,165.2 1 0
github.com/erda-project/erda/apistructs/service_job_status.go:168.62,170.2 1 0
github.com/erda-project/erda/apistructs/org.go:153.35,154.23 1 0
github.com/erda-project/erda/apistructs/org.go:154.23,157.3 2 0
github.com/erda-project/erda/apistructs/org.go:349.84,351.2 1 0
github.com/erda-project/erda/apistructs/org.go:354.39,357.19 3 0
github.com/erda-project/erda/apistructs/org.go:363.2,363.47 1 0
github.com/erda-project/erda/apistructs/org.go:357.19,359.3 1 0
github.com/erda-project/erda/apistructs/org.go:359.8,361.3 1 0
github.com/erda-project/erda/apistructs/org.go:367.48,369.16 2 0
github.com/erda-project/erda/apistructs/org.go:372.2,374.16 3 0
github.com/erda-project/erda/apistructs/org.go:377.2,377.35 1 0
github.com/erda-project/erda/apistructs/org.go:383.2,383.42 1 0
github.com/erda-project/erda/apistructs/org.go:369.16,371.3 1 0
github.com/erda-project/erda/apistructs/org.go:374.16,376.3 1 0
github.com/erda-project/erda/apistructs/org.go:377.35,379.3 1 0
github.com/erda-project/erda/apistructs/org.go:379.8,379.42 1 0
github.com/erda-project/erda/apistructs/org.go:379.42,381.3 1 0
github.com/erda-project/erda/apistructs/ingress.go:46.62,47.29 1 0
github.com/erda-project/erda/apistructs/ingress.go:50.2,50.28 1 0
github.com/erda-project/erda/apistructs/ingress.go:53.2,53.35 1 0
github.com/erda-project/erda/apistructs/ingress.go:58.2,58.39 1 0
github.com/erda-project/erda/apistructs/ingress.go:62.2,62.27 1 0
github.com/erda-project/erda/apistructs/ingress.go:65.2,65.27 1 0
github.com/erda-project/erda/apistructs/ingress.go:68.2,68.12 1 0
github.com/erda-project/erda/apistructs/ingress.go:47.29,49.3 1 0
github.com/erda-project/erda/apistructs/ingress.go:50.28,52.3 1 0
github.com/erda-project/erda/apistructs/ingress.go:53.35,54.45 1 0
github.com/erda-project/erda/apistructs/ingress.go:54.45,56.4 1 0
github.com/erda-project/erda/apistructs/ingress.go:58.39,61.3 2 0
github.com/erda-project/erda/apistructs/ingress.go:62.27,64.3 1 0
github.com/erda-project/erda/apistructs/ingress.go:65.27,67.3 1 0
github.com/erda-project/erda/apistructs/member_extra.go:22.44,24.2 1 0
github.com/erda-project/erda/apistructs/notify_group.go:43.66,45.29 2 0
github.com/erda-project/erda/apistructs/notify_group.go:51.2,54.3 1 0
github.com/erda-project/erda/apistructs/notify_group.go:45.29,50.3 1 0
github.com/erda-project/erda/apistructs/notify_group.go:57.47,58.20 1 0
github.com/erda-project/erda/apistructs/notify_group.go:62.2,70.16 8 0
github.com/erda-project/erda/apistructs/notify_group.go:73.2,78.24 5 0
github.com/erda-project/erda/apistructs/notify_group.go:58.20,60.3 1 0
github.com/erda-project/erda/apistructs/notify_group.go:70.16,72.3 1 0
github.com/erda-project/erda/apistructs/ops.go:1076.59,1078.2 1 0
github.com/erda-project/erda/apistructs/ops.go:1080.59,1082.2 1 0
github.com/erda-project/erda/apistructs/ops.go:1084.58,1086.2 1 0
github.com/erda-project/erda/apistructs/ops.go:1088.62,1090.2 1 0
github.com/erda-project/erda/apistructs/ops.go:1092.60,1094.2 1 0
github.com/erda-project/erda/apistructs/ops.go:1096.66,1098.2 1 0
github.com/erda-project/erda/apistructs/ops.go:1100.66,1102.2 1 0
github.com/erda-project/erda/apistructs/ops.go:1104.64,1106.2 1 0
github.com/erda-project/erda/apistructs/ops.go:1108.72,1110.2 1 0
github.com/erda-project/erda/apistructs/ops.go:1112.66,1114.2 1 0
github.com/erda-project/erda/apistructs/ops.go:1116.58,1118.2 1 0
github.com/erda-project/erda/apistructs/ops.go:1120.59,1122.2 1 0
github.com/erda-project/erda/apistructs/ops.go:1124.64,1126.2 1 0
github.com/erda-project/erda/apistructs/ops.go:1128.62,1130.2 1 0
github.com/erda-project/erda/apistructs/ops.go:1132.59,1134.2 1 0
github.com/erda-project/erda/apistructs/ops.go:1136.64,1138.2 1 0
github.com/erda-project/erda/apistructs/ops.go:1140.66,1142.2 1 0
github.com/erda-project/erda/apistructs/ops.go:1144.68,1146.2 1 0
github.com/erda-project/erda/apistructs/ops.go:1148.63,1150.2 1 0
github.com/erda-project/erda/apistructs/ops.go:1152.71,1154.2 1 0
github.com/erda-project/erda/apistructs/ops.go:1156.68,1158.2 1 0
github.com/erda-project/erda/apistructs/ops.go:1248.64,1249.29 1 0
github.com/erda-project/erda/apistructs/ops.go:1252.2,1252.33 1 0
github.com/erda-project/erda/apistructs/ops.go:1249.29,1251.3 1 0
github.com/erda-project/erda/apistructs/ops.go:1347.64,1349.2 1 0
github.com/erda-project/erda/apistructs/ops.go:1364.62,1365.26 1 0
github.com/erda-project/erda/apistructs/ops.go:1368.2,1368.30 1 0
github.com/erda-project/erda/apistructs/ops.go:1365.26,1367.3 1 0
github.com/erda-project/erda/apistructs/ops.go:1371.67,1373.2 1 0
github.com/erda-project/erda/apistructs/ops.go:1430.62,1431.27 1 0
github.com/erda-project/erda/apistructs/ops.go:1434.2,1434.31 1 0
github.com/erda-project/erda/apistructs/ops.go:1431.27,1433.3 1 0
github.com/erda-project/erda/apistructs/ops.go:1437.67,1439.2 1 0
github.com/erda-project/erda/apistructs/ops.go:1549.58,1551.2 1 0
github.com/erda-project/erda/apistructs/ops.go:1553.63,1555.2 1 0
github.com/erda-project/erda/apistructs/testplan_member.go:21.45,22.14 1 0
github.com/erda-project/erda/apistructs/testplan_member.go:23.58,24.14 1 0
github.com/erda-project/erda/apistructs/testplan_member.go:25.10,26.15 1 0
github.com/erda-project/erda/apistructs/testplan_member.go:29.47,31.2 1 0
github.com/erda-project/erda/apistructs/testplan_member.go:32.47,34.2 1 0
github.com/erda-project/erda/apistructs/testplan_member.go:35.49,37.2 1 0
github.com/erda-project/erda/apistructs/ticket.go:428.50,430.16 2 0
github.com/erda-project/erda/apistructs/ticket.go:433.2,433.23 1 0
github.com/erda-project/erda/apistructs/ticket.go:430.16,432.3 1 0
github.com/erda-project/erda/apistructs/ticket.go:437.51,438.18 1 0
github.com/erda-project/erda/apistructs/ticket.go:441.2,442.9 2 0
github.com/erda-project/erda/apistructs/ticket.go:445.2,445.17 1 0
github.com/erda-project/erda/apistructs/ticket.go:448.2,448.45 1 0
github.com/erda-project/erda/apistructs/ticket.go:451.2,451.12 1 0
github.com/erda-project/erda/apistructs/ticket.go:438.18,440.3 1 0
github.com/erda-project/erda/apistructs/ticket.go:442.9,444.3 1 0
github.com/erda-project/erda/apistructs/ticket.go:445.17,447.3 1 0
github.com/erda-project/erda/apistructs/ticket.go:448.45,450.3 1 0
github.com/erda-project/erda/apistructs/volume.go:87.57,88.11 1 0
github.com/erda-project/erda/apistructs/volume.go:98.2,98.62 1 0
github.com/erda-project/erda/apistructs/volume.go:89.15,90.14 1 0
github.com/erda-project/erda/apistructs/volume.go:91.22,92.26 1 0
github.com/erda-project/erda/apistructs/volume.go:93.13,94.14 1 0
github.com/erda-project/erda/apistructs/volume.go:95.20,96.24 1 0
github.com/erda-project/erda/apistructs/autotest_scene.go:146.71,148.17 2 0
github.com/erda-project/erda/apistructs/autotest_scene.go:151.2,151.22 1 0
github.com/erda-project/erda/apistructs/autotest_scene.go:154.2,154.25 1 0
github.com/erda-project/erda/apistructs/autotest_scene.go:157.2,157.25 1 0
github.com/erda-project/erda/apistructs/autotest_scene.go:160.2,160.20 1 0
github.com/erda-project/erda/apistructs/autotest_scene.go:163.2,163.27 1 0
github.com/erda-project/erda/apistructs/autotest_scene.go:166.2,166.21 1 0
github.com/erda-project/erda/apistructs/autotest_scene.go:169.2,169.20 1 0
github.com/erda-project/erda/apistructs/autotest_scene.go:172.2,172.22 1 0
github.com/erda-project/erda/apistructs/autotest_scene.go:175.2,175.20 1 0
github.com/erda-project/erda/apistructs/autotest_scene.go:178.2,178.20 1 0
github.com/erda-project/erda/apistructs/autotest_scene.go:181.2,181.21 1 0
github.com/erda-project/erda/apistructs/autotest_scene.go:184.2,184.22 1 0
github.com/erda-project/erda/apistructs/autotest_scene.go:187.2,187.23 1 0
github.com/erda-project/erda/apistructs/autotest_scene.go:190.2,190.23 1 0
github.com/erda-project/erda/apistructs/autotest_scene.go:193.2,193.25 1 0
github.com/erda-project/erda/apistructs/autotest_scene.go:196.2,196.23 1 0
github.com/erda-project/erda/apistructs/autotest_scene.go:199.2,199.21 1 0
github.com/erda-project/erda/apistructs/autotest_scene.go:202.2,202.14 1 0
github.com/erda-project/erda/apistructs/autotest_scene.go:148.17,150.3 1 0
github.com/erda-project/erda/apistructs/autotest_scene.go:151.22,153.3 1 0
github.com/erda-project/erda/apistructs/autotest_scene.go:154.25,156.3 1 0
github.com/erda-project/erda/apistructs/autotest_scene.go:157.25,159.3 1 0
github.com/erda-project/erda/apistructs/autotest_scene.go:160.20,162.3 1 0
github.com/erda-project/erda/apistructs/autotest_scene.go:163.27,165.3 1 0
github.com/erda-project/erda/apistructs/autotest_scene.go:166.21,168.3 1 0
github.com/erda-project/erda/apistructs/autotest_scene.go:169.20,171.3 1 0
github.com/erda-project/erda/apistructs/autotest_scene.go:172.22,174.3 1 0
github.com/erda-project/erda/apistructs/autotest_scene.go:175.20,177.3 1 0
github.com/erda-project/erda/apistructs/autotest_scene.go:178.20,180.3 1 0
github.com/erda-project/erda/apistructs/autotest_scene.go:181.21,183.3 1 0
github.com/erda-project/erda/apistructs/autotest_scene.go:184.22,186.3 1 0
github.com/erda-project/erda/apistructs/autotest_scene.go:187.23,189.3 1 0
github.com/erda-project/erda/apistructs/autotest_scene.go:190.23,192.3 1 0
github.com/erda-project/erda/apistructs/autotest_scene.go:193.25,195.3 1 0
github.com/erda-project/erda/apistructs/autotest_scene.go:196.23,198.3 1 0
github.com/erda-project/erda/apistructs/autotest_scene.go:199.21,201.3 1 0
github.com/erda-project/erda/apistructs/autotest_scene.go:219.38,221.2 1 0
github.com/erda-project/erda/apistructs/autotest_scene.go:234.40,236.2 1 0
github.com/erda-project/erda/apistructs/autotest_scene.go:252.36,254.2 1 0
github.com/erda-project/erda/apistructs/autotest_scene.go:265.38,267.2 1 0
github.com/erda-project/erda/apistructs/autotest_scene.go:269.37,270.11 1 0
github.com/erda-project/erda/apistructs/autotest_scene.go:271.26,272.21 1 0
github.com/erda-project/erda/apistructs/autotest_scene.go:273.29,274.21 1 0
github.com/erda-project/erda/apistructs/autotest_scene.go:275.26,276.18 1 0
github.com/erda-project/erda/apistructs/autotest_scene.go:277.24,278.18 1 0
github.com/erda-project/erda/apistructs/autotest_scene.go:279.10,280.12 1 0
github.com/erda-project/erda/apistructs/cluster_info.go:61.67,63.13 2 5
github.com/erda-project/erda/apistructs/cluster_info.go:66.2,66.10 1 5
github.com/erda-project/erda/apistructs/cluster_info.go:63.13,64.52 1 0
github.com/erda-project/erda/apistructs/cluster_info.go:69.63,71.2 1 6
github.com/erda-project/erda/apistructs/cluster_info.go:74.71,79.32 3 1
github.com/erda-project/erda/apistructs/cluster_info.go:83.2,88.3 1 1
github.com/erda-project/erda/apistructs/cluster_info.go:79.32,82.3 2 1
github.com/erda-project/erda/apistructs/cluster_info.go:92.56,94.37 2 3
github.com/erda-project/erda/apistructs/cluster_info.go:99.2,99.14 1 1
github.com/erda-project/erda/apistructs/cluster_info.go:94.37,95.45 1 5
github.com/erda-project/erda/apistructs/cluster_info.go:95.45,97.4 1 2
github.com/erda-project/erda/apistructs/cluster_info.go:102.42,104.38 2 0
github.com/erda-project/erda/apistructs/cluster_info.go:105.27,106.14 1 0
github.com/erda-project/erda/apistructs/cluster_info.go:107.10,108.15 1 0
github.com/erda-project/erda/apistructs/cluster_info.go:112.43,114.38 2 0
github.com/erda-project/erda/apistructs/cluster_info.go:115.23,116.14 1 0
github.com/erda-project/erda/apistructs/cluster_info.go:117.10,118.15 1 0
github.com/erda-project/erda/apistructs/cluster_info.go:122.43,125.2 2 0
github.com/erda-project/erda/apistructs/cluster_info.go:127.54,130.25 3 0
github.com/erda-project/erda/apistructs/cluster_info.go:133.2,134.21 2 0
github.com/erda-project/erda/apistructs/cluster_info.go:137.2,138.18 2 0
github.com/erda-project/erda/apistructs/cluster_info.go:130.25,132.3 1 0
github.com/erda-project/erda/apistructs/cluster_info.go:134.21,136.3 1 0
github.com/erda-project/erda/apistructs/cluster_info.go:141.54,144.24 3 0
github.com/erda-project/erda/apistructs/cluster_info.go:144.24,146.3 1 0
github.com/erda-project/erda/apistructs/cluster_info.go:146.8,148.3 1 0
github.com/erda-project/erda/apistructs/issue_property.go:77.41,78.93 1 0
github.com/erda-project/erda/apistructs/issue_property.go:81.2,81.14 1 0
github.com/erda-project/erda/apistructs/issue_property.go:78.93,80.3 1 0
github.com/erda-project/erda/apistructs/issue_property.go:84.40,85.30 1 0
github.com/erda-project/erda/apistructs/issue_property.go:88.2,88.14 1 0
github.com/erda-project/erda/apistructs/issue_property.go:85.30,87.3 1 0
github.com/erda-project/erda/apistructs/issue_property.go:92.61,93.17 1 0
github.com/erda-project/erda/apistructs/issue_property.go:107.2,107.13 1 0
github.com/erda-project/erda/apistructs/issue_property.go:93.17,95.60 1 0
github.com/erda-project/erda/apistructs/issue_property.go:99.3,99.102 1 0
github.com/erda-project/erda/apistructs/issue_property.go:103.3,103.139 1 0
github.com/erda-project/erda/apistructs/issue_property.go:95.60,97.4 1 0
github.com/erda-project/erda/apistructs/issue_property.go:99.102,101.4 1 0
github.com/erda-project/erda/apistructs/issue_property.go:103.139,105.4 1 0
github.com/erda-project/erda/apistructs/issue_property.go:137.47,138.11 1 0
github.com/erda-project/erda/apistructs/issue_property.go:139.36,140.18 1 0
github.com/erda-project/erda/apistructs/issue_property.go:141.29,142.18 1 0
github.com/erda-project/erda/apistructs/issue_property.go:143.28,144.18 1 0
github.com/erda-project/erda/apistructs/issue_property.go:145.29,146.18 1 0
github.com/erda-project/erda/apistructs/issue_property.go:147.31,148.18 1 0
github.com/erda-project/erda/apistructs/issue_property.go:149.10,150.58 1 0
github.com/erda-project/erda/apistructs/application.go:297.42,298.11 1 0
github.com/erda-project/erda/apistructs/application.go:299.68,300.14 1 0
github.com/erda-project/erda/apistructs/application.go:301.10,302.15 1 0
github.com/erda-project/erda/apistructs/application.go:318.40,320.2 1 0
github.com/erda-project/erda/apistructs/artifact_app_relation.go:51.106,52.19 1 0
github.com/erda-project/erda/apistructs/artifact_app_relation.go:53.21,54.22 1 0
github.com/erda-project/erda/apistructs/artifact_app_relation.go:55.24,56.25 1 0
github.com/erda-project/erda/apistructs/artifact_app_relation.go:57.21,58.22 1 0
github.com/erda-project/erda/apistructs/artifact_app_relation.go:59.20,60.21 1 0
github.com/erda-project/erda/apistructs/artifact_app_relation.go:61.10,62.11 1 0
github.com/erda-project/erda/apistructs/artifact_app_relation.go:67.103,68.19 1 0
github.com/erda-project/erda/apistructs/artifact_app_relation.go:69.21,70.19 1 0
github.com/erda-project/erda/apistructs/artifact_app_relation.go:71.24,72.22 1 0
github.com/erda-project/erda/apistructs/artifact_app_relation.go:73.21,74.19 1 0
github.com/erda-project/erda/apistructs/artifact_app_relation.go:75.20,76.18 1 0
github.com/erda-project/erda/apistructs/pipeline_report.go:48.62,49.25 1 0
github.com/erda-project/erda/apistructs/pipeline_report.go:52.2,52.116 1 0
github.com/erda-project/erda/apistructs/pipeline_report.go:55.2,55.12 1 0
github.com/erda-project/erda/apistructs/pipeline_report.go:49.25,51.3 1 0
github.com/erda-project/erda/apistructs/pipeline_report.go:52.116,54.3 1 0
github.com/erda-project/erda/apistructs/pipeline_gc.go:15.81,24.2 2 0
github.com/erda-project/erda/apistructs/autotest.go:45.66,46.80 1 0
github.com/erda-project/erda/apistructs/autotest.go:49.2,49.51 1 0
github.com/erda-project/erda/apistructs/autotest.go:52.2,52.12 1 0
github.com/erda-project/erda/apistructs/autotest.go:46.80,48.3 1 0
github.com/erda-project/erda/apistructs/autotest.go:49.51,51.3 1 0
github.com/erda-project/erda/apistructs/autotest.go:79.68,81.80 1 0
github.com/erda-project/erda/apistructs/autotest.go:85.2,85.82 1 0
github.com/erda-project/erda/apistructs/autotest.go:89.2,89.116 1 0
github.com/erda-project/erda/apistructs/autotest.go:93.2,93.81 1 0
github.com/erda-project/erda/apistructs/autotest.go:98.2,100.26 2 0
github.com/erda-project/erda/apistructs/autotest.go:107.2,107.25 1 0
github.com/erda-project/erda/apistructs/autotest.go:115.2,115.30 1 0
github.com/erda-project/erda/apistructs/autotest.go:119.2,119.12 1 0
github.com/erda-project/erda/apistructs/autotest.go:81.80,83.3 1 0
github.com/erda-project/erda/apistructs/autotest.go:85.82,87.3 1 0
github.com/erda-project/erda/apistructs/autotest.go:89.116,91.3 1 0
github.com/erda-project/erda/apistructs/autotest.go:93.81,95.3 1 0
github.com/erda-project/erda/apistructs/autotest.go:100.26,102.55 2 0
github.com/erda-project/erda/apistructs/autotest.go:102.55,104.4 1 0
github.com/erda-project/erda/apistructs/autotest.go:107.25,109.54 2 0
github.com/erda-project/erda/apistructs/autotest.go:109.54,111.4 1 0
github.com/erda-project/erda/apistructs/autotest.go:115.30,117.3 1 0
github.com/erda-project/erda/apistructs/autotest.go:138.55,140.2 1 0
github.com/erda-project/erda/apistructs/autotest.go:148.52,150.22 1 0
github.com/erda-project/erda/apistructs/autotest.go:156.2,156.36 1 0
github.com/erda-project/erda/apistructs/autotest.go:161.2,161.12 1 0
github.com/erda-project/erda/apistructs/autotest.go:150.22,151.62 1 0
github.com/erda-project/erda/apistructs/autotest.go:151.62,153.4 1 0
github.com/erda-project/erda/apistructs/autotest.go:156.36,157.22 1 0
github.com/erda-project/erda/apistructs/autotest.go:157.22,159.4 1 0
github.com/erda-project/erda/apistructs/autotest.go:174.51,176.2 1 0
github.com/erda-project/erda/apistructs/autotest.go:194.68,196.88 1 0
github.com/erda-project/erda/apistructs/autotest.go:200.2,200.88 1 0
github.com/erda-project/erda/apistructs/autotest.go:204.2,204.81 1 0
github.com/erda-project/erda/apistructs/autotest.go:208.2,208.26 1 0
github.com/erda-project/erda/apistructs/autotest.go:213.2,213.25 1 0
github.com/erda-project/erda/apistructs/autotest.go:219.2,219.12 1 0
github.com/erda-project/erda/apistructs/autotest.go:196.88,198.3 1 0
github.com/erda-project/erda/apistructs/autotest.go:200.88,202.3 1 0
github.com/erda-project/erda/apistructs/autotest.go:204.81,206.3 1 0
github.com/erda-project/erda/apistructs/autotest.go:208.26,209.55 1 0
github.com/erda-project/erda/apistructs/autotest.go:209.55,211.4 1 0
github.com/erda-project/erda/apistructs/autotest.go:213.25,214.54 1 0
github.com/erda-project/erda/apistructs/autotest.go:214.54,216.4 1 0
github.com/erda-project/erda/apistructs/autotest.go:232.68,233.88 1 0
github.com/erda-project/erda/apistructs/autotest.go:236.2,236.12 1 0
github.com/erda-project/erda/apistructs/autotest.go:233.88,235.3 1 0
github.com/erda-project/erda/apistructs/autotest.go:250.66,251.80 1 0
github.com/erda-project/erda/apistructs/autotest.go:254.2,254.82 1 0
github.com/erda-project/erda/apistructs/autotest.go:257.2,257.12 1 0
github.com/erda-project/erda/apistructs/autotest.go:251.80,253.3 1 0
github.com/erda-project/erda/apistructs/autotest.go:254.82,256.3 1 0
github.com/erda-project/erda/apistructs/extention.go:58.60,60.22 1 0
github.com/erda-project/erda/apistructs/extention.go:63.2,64.16 2 0
github.com/erda-project/erda/apistructs/extention.go:67.2,67.71 1 0
github.com/erda-project/erda/apistructs/extention.go:70.2,70.43 1 0
github.com/erda-project/erda/apistructs/extention.go:80.2,80.13 1 0
github.com/erda-project/erda/apistructs/extention.go:60.22,62.3 1 0
github.com/erda-project/erda/apistructs/extention.go:64.16,66.3 1 0
github.com/erda-project/erda/apistructs/extention.go:67.71,69.3 1 0
github.com/erda-project/erda/apistructs/extention.go:70.43,73.17 2 0
github.com/erda-project/erda/apistructs/extention.go:76.3,76.36 1 0
github.com/erda-project/erda/apistructs/extention.go:73.17,74.12 1 0
github.com/erda-project/erda/apistructs/extention.go:76.36,78.4 1 0
github.com/erda-project/erda/apistructs/extention.go:216.44,218.2 1 0
github.com/erda-project/erda/apistructs/generated_desc.go:3.82,4.62 1 0
github.com/erda-project/erda/apistructs/generated_desc.go:7.2,7.54 1 0
github.com/erda-project/erda/apistructs/generated_desc.go:4.62,6.3 1 0
github.com/erda-project/erda/apistructs/generated_desc.go:10.60,11.51 1 0
github.com/erda-project/erda/apistructs/generated_desc.go:14.2,14.43 1 0
github.com/erda-project/erda/apistructs/generated_desc.go:11.51,13.3 1 0
github.com/erda-project/erda/apistructs/generated_desc.go:17.66,18.54 1 0
github.com/erda-project/erda/apistructs/generated_desc.go:21.2,21.46 1 0
github.com/erda-project/erda/apistructs/generated_desc.go:18.54,20.3 1 0
github.com/erda-project/erda/apistructs/generated_desc.go:24.50,25.46 1 0
github.com/erda-project/erda/apistructs/generated_desc.go:28.2,28.38 1 0
github.com/erda-project/erda/apistructs/generated_desc.go:25.46,27.3 1 0
github.com/erda-project/erda/apistructs/generated_desc.go:31.42,32.42 1 0
github.com/erda-project/erda/apistructs/generated_desc.go:35.2,35.34 1 0
github.com/erda-project/erda/apistructs/generated_desc.go:32.42,34.3 1 0
github.com/erda-project/erda/apistructs/generated_desc.go:38.44,39.43 1 0
github.com/erda-project/erda/apistructs/generated_desc.go:42.2,42.35 1 0
github.com/erda-project/erda/apistructs/generated_desc.go:39.43,41.3 1 0
github.com/erda-project/erda/apistructs/generated_desc.go:45.106,46.74 1 0
github.com/erda-project/erda/apistructs/generated_desc.go:49.2,49.66 1 0
github.com/erda-project/erda/apistructs/generated_desc.go:46.74,48.3 1 0
github.com/erda-project/erda/apistructs/generated_desc.go:52.66,53.54 1 0
github.com/erda-project/erda/apistructs/generated_desc.go:56.2,56.46 1 0
github.com/erda-project/erda/apistructs/generated_desc.go:53.54,55.3 1 0
github.com/erda-project/erda/apistructs/generated_desc.go:59.50,60.46 1 0
github.com/erda-project/erda/apistructs/generated_desc.go:63.2,63.38 1 0
github.com/erda-project/erda/apistructs/generated_desc.go:60.46,62.3 1 0
github.com/erda-project/erda/apistructs/generated_desc.go:66.70,67.56 1 0
github.com/erda-project/erda/apistructs/generated_desc.go:70.2,70.48 1 0
github.com/erda-project/erda/apistructs/generated_desc.go:67.56,69.3 1 0
github.com/erda-project/erda/apistructs/generated_desc.go:73.74,74.58 1 0
github.com/erda-project/erda/apistructs/generated_desc.go:77.2,77.50 1 0
github.com/erda-project/erda/apistructs/generated_desc.go:74.58,76.3 1 0
github.com/erda-project/erda/apistructs/generated_desc.go:80.70,81.56 1 0
github.com/erda-project/erda/apistructs/generated_desc.go:84.2,84.48 1 0
github.com/erda-project/erda/apistructs/generated_desc.go:81.56,83.3 1 0
github.com/erda-project/erda/apistructs/generated_desc.go:87.50,88.46 1 0
github.com/erda-project/erda/apistructs/generated_desc.go:91.2,91.38 1 0
github.com/erda-project/erda/apistructs/generated_desc.go:88.46,90.3 1 0
github.com/erda-project/erda/apistructs/generated_desc.go:94.76,95.59 1 0
github.com/erda-project/erda/apistructs/generated_desc.go:98.2,98.51 1 0
github.com/erda-project/erda/apistructs/generated_desc.go:95.59,97.3 1 0
github.com/erda-project/erda/apistructs/generated_desc.go:101.60,102.51 1 0
github.com/erda-project/erda/apistructs/generated_desc.go:105.2,105.43 1 0
github.com/erda-project/erda/apistructs/generated_desc.go:102.51,104.3 1 0
github.com/erda-project/erda/apistructs/generated_desc.go:108.44,109.43 1 0
github.com/erda-project/erda/apistructs/generated_desc.go:112.2,112.35 1 0
github.com/erda-project/erda/apistructs/generated_desc.go:109.43,111.3 1 0
github.com/erda-project/erda/apistructs/generated_desc.go:115.64,116.53 1 0
github.com/erda-project/erda/apistructs/generated_desc.go:119.2,119.45 1 0
github.com/erda-project/erda/apistructs/generated_desc.go:116.53,118.3 1 0
github.com/erda-project/erda/apistructs/generated_desc.go:122.64,123.53 1 0
github.com/erda-project/erda/apistructs/generated_desc.go:126.2,126.45 1 0
github.com/erda-project/erda/apistructs/generated_desc.go:123.53,125.3 1 0
github.com/erda-project/erda/apistructs/generated_desc.go:129.80,130.61 1 0
github.com/erda-project/erda/apistructs/generated_desc.go:133.2,133.53 1 0
github.com/erda-project/erda/apistructs/generated_desc.go:130.61,132.3 1 0
github.com/erda-project/erda/apistructs/generated_desc.go:136.76,137.59 1 0
github.com/erda-project/erda/apistructs/generated_desc.go:140.2,140.51 1 0
github.com/erda-project/erda/apistructs/generated_desc.go:137.59,139.3 1 0
github.com/erda-project/erda/apistructs/generated_desc.go:143.80,144.61 1 0
github.com/erda-project/erda/apistructs/generated_desc.go:147.2,147.53 1 0
github.com/erda-project/erda/apistructs/generated_desc.go:144.61,146.3 1 0
github.com/erda-project/erda/apistructs/generated_desc.go:150.78,151.60 1 0
github.com/erda-project/erda/apistructs/generated_desc.go:154.2,154.52 1 0
github.com/erda-project/erda/apistructs/generated_desc.go:151.60,153.3 1 0
github.com/erda-project/erda/apistructs/generated_desc.go:157.42,158.42 1 0
github.com/erda-project/erda/apistructs/generated_desc.go:161.2,161.34 1 0
github.com/erda-project/erda/apistructs/generated_desc.go:158.42,160.3 1 0
github.com/erda-project/erda/apistructs/generated_desc.go:164.76,165.59 1 0
github.com/erda-project/erda/apistructs/generated_desc.go:168.2,168.51 1 0
github.com/erda-project/erda/apistructs/generated_desc.go:165.59,167.3 1 0
github.com/erda-project/erda/apistructs/generated_desc.go:171.74,172.58 1 0
github.com/erda-project/erda/apistructs/generated_desc.go:175.2,175.50 1 0
github.com/erda-project/erda/apistructs/generated_desc.go:172.58,174.3 1 0
github.com/erda-project/erda/apistructs/generated_desc.go:178.74,179.58 1 0
github.com/erda-project/erda/apistructs/generated_desc.go:182.2,182.50 1 0
github.com/erda-project/erda/apistructs/generated_desc.go:179.58,181.3 1 0
github.com/erda-project/erda/apistructs/generated_desc.go:185.104,186.73 1 0
github.com/erda-project/erda/apistructs/generated_desc.go:189.2,189.65 1 0
github.com/erda-project/erda/apistructs/generated_desc.go:186.73,188.3 1 0
github.com/erda-project/erda/apistructs/generated_desc.go:192.70,193.56 1 0
github.com/erda-project/erda/apistructs/generated_desc.go:196.2,196.48 1 0
github.com/erda-project/erda/apistructs/generated_desc.go:193.56,195.3 1 0
github.com/erda-project/erda/apistructs/generated_desc.go:199.82,200.62 1 0
github.com/erda-project/erda/apistructs/generated_desc.go:203.2,203.54 1 0
github.com/erda-project/erda/apistructs/generated_desc.go:200.62,202.3 1 0
github.com/erda-project/erda/apistructs/generated_desc.go:206.90,207.66 1 0
github.com/erda-project/erda/apistructs/generated_desc.go:210.2,210.58 1 0
github.com/erda-project/erda/apistructs/generated_desc.go:207.66,209.3 1 0
github.com/erda-project/erda/apistructs/generated_desc.go:213.76,214.59 1 0
github.com/erda-project/erda/apistructs/generated_desc.go:217.2,217.51 1 0
github.com/erda-project/erda/apistructs/generated_desc.go:214.59,216.3 1 0
github.com/erda-project/erda/apistructs/generated_desc.go:220.78,221.60 1 0
github.com/erda-project/erda/apistructs/generated_desc.go:224.2,224.52 1 0
github.com/erda-project/erda/apistructs/generated_desc.go:221.60,223.3 1 0
github.com/erda-project/erda/apistructs/generated_desc.go:227.90,228.66 1 0
github.com/erda-project/erda/apistructs/generated_desc.go:231.2,231.58 1 0
github.com/erda-project/erda/apistructs/generated_desc.go:228.66,230.3 1 0
github.com/erda-project/erda/apistructs/generated_desc.go:234.88,235.65 1 0
github.com/erda-project/erda/apistructs/generated_desc.go:238.2,238.57 1 0
github.com/erda-project/erda/apistructs/generated_desc.go:235.65,237.3 1 0
github.com/erda-project/erda/apistructs/generated_desc.go:241.94,242.68 1 0
github.com/erda-project/erda/apistructs/generated_desc.go:245.2,245.60 1 0
github.com/erda-project/erda/apistructs/generated_desc.go:242.68,244.3 1 0
github.com/erda-project/erda/apistructs/generated_desc.go:248.58,249.50 1 0
github.com/erda-project/erda/apistructs/generated_desc.go:252.2,252.42 1 0
github.com/erda-project/erda/apistructs/generated_desc.go:249.50,251.3 1 0
github.com/erda-project/erda/apistructs/generated_desc.go:255.74,256.58 1 0
github.com/erda-project/erda/apistructs/generated_desc.go:259.2,259.50 1 0
github.com/erda-project/erda/apistructs/generated_desc.go:256.58,258.3 1 0
github.com/erda-project/erda/apistructs/generated_desc.go:262.44,263.43 1 0
github.com/erda-project/erda/apistructs/generated_desc.go:266.2,266.35 1 0
github.com/erda-project/erda/apistructs/generated_desc.go:263.43,265.3 1 0
github.com/erda-project/erda/apistructs/generated_desc.go:269.56,270.49 1 0
github.com/erda-project/erda/apistructs/generated_desc.go:273.2,273.41 1 0
github.com/erda-project/erda/apistructs/generated_desc.go:270.49,272.3 1 0
github.com/erda-project/erda/apistructs/generated_desc.go:276.82,277.62 1 0
github.com/erda-project/erda/apistructs/generated_desc.go:280.2,280.54 1 0
github.com/erda-project/erda/apistructs/generated_desc.go:277.62,279.3 1 0
github.com/erda-project/erda/apistructs/generated_desc.go:283.60,284.51 1 0
github.com/erda-project/erda/apistructs/generated_desc.go:287.2,287.43 1 0
github.com/erda-project/erda/apistructs/generated_desc.go:284.51,286.3 1 0
github.com/erda-project/erda/apistructs/generated_desc.go:290.68,291.55 1 0
github.com/erda-project/erda/apistructs/generated_desc.go:294.2,294.47 1 0
github.com/erda-project/erda/apistructs/generated_desc.go:291.55,293.3 1 0
github.com/erda-project/erda/apistructs/generated_desc.go:297.60,298.51 1 0
github.com/erda-project/erda/apistructs/generated_desc.go:301.2,301.43 1 0
github.com/erda-project/erda/apistructs/generated_desc.go:298.51,300.3 1 0
github.com/erda-project/erda/apistructs/generated_desc.go:304.66,305.54 1 0
github.com/erda-project/erda/apistructs/generated_desc.go:308.2,308.46 1 0
github.com/erda-project/erda/apistructs/generated_desc.go:305.54,307.3 1 0
github.com/erda-project/erda/apistructs/generated_desc.go:311.48,312.45 1 0
github.com/erda-project/erda/apistructs/generated_desc.go:315.2,315.37 1 0
github.com/erda-project/erda/apistructs/generated_desc.go:312.45,314.3 1 0
github.com/erda-project/erda/apistructs/generated_desc.go:318.72,319.57 1 0
github.com/erda-project/erda/apistructs/generated_desc.go:322.2,322.49 1 0
github.com/erda-project/erda/apistructs/generated_desc.go:319.57,321.3 1 0
github.com/erda-project/erda/apistructs/generated_desc.go:325.72,326.57 1 0
github.com/erda-project/erda/apistructs/generated_desc.go:329.2,329.49 1 0
github.com/erda-project/erda/apistructs/generated_desc.go:326.57,328.3 1 0
github.com/erda-project/erda/apistructs/generated_desc.go:332.72,333.57 1 0
github.com/erda-project/erda/apistructs/generated_desc.go:336.2,336.49 1 0
github.com/erda-project/erda/apistructs/generated_desc.go:333.57,335.3 1 0
github.com/erda-project/erda/apistructs/generated_desc.go:339.42,340.42 1 0
github.com/erda-project/erda/apistructs/generated_desc.go:343.2,343.34 1 0
github.com/erda-project/erda/apistructs/generated_desc.go:340.42,342.3 1 0
github.com/erda-project/erda/apistructs/generated_desc.go:346.62,347.52 1 0
github.com/erda-project/erda/apistructs/generated_desc.go:350.2,350.44 1 0
github.com/erda-project/erda/apistructs/generated_desc.go:347.52,349.3 1 0
github.com/erda-project/erda/apistructs/generated_desc.go:353.80,354.61 1 0
github.com/erda-project/erda/apistructs/generated_desc.go:357.2,357.53 1 0
github.com/erda-project/erda/apistructs/generated_desc.go:354.61,356.3 1 0
github.com/erda-project/erda/apistructs/generated_desc.go:360.70,361.56 1 0
github.com/erda-project/erda/apistructs/generated_desc.go:364.2,364.48 1 0
github.com/erda-project/erda/apistructs/generated_desc.go:361.56,363.3 1 0
github.com/erda-project/erda/apistructs/generated_desc.go:367.64,368.53 1 0
github.com/erda-project/erda/apistructs/generated_desc.go:371.2,371.45 1 0
github.com/erda-project/erda/apistructs/generated_desc.go:368.53,370.3 1 0
github.com/erda-project/erda/apistructs/generated_desc.go:374.60,375.51 1 0
github.com/erda-project/erda/apistructs/generated_desc.go:378.2,378.43 1 0
github.com/erda-project/erda/apistructs/generated_desc.go:375.51,377.3 1 0
github.com/erda-project/erda/apistructs/generated_desc.go:381.48,382.45 1 0
github.com/erda-project/erda/apistructs/generated_desc.go:385.2,385.37 1 0
github.com/erda-project/erda/apistructs/generated_desc.go:382.45,384.3 1 0
github.com/erda-project/erda/apistructs/generated_desc.go:388.60,389.51 1 0
github.com/erda-project/erda/apistructs/generated_desc.go:392.2,392.43 1 0
github.com/erda-project/erda/apistructs/generated_desc.go:389.51,391.3 1 0
github.com/erda-project/erda/apistructs/generated_desc.go:395.92,396.67 1 0
github.com/erda-project/erda/apistructs/generated_desc.go:399.2,399.59 1 0
github.com/erda-project/erda/apistructs/generated_desc.go:396.67,398.3 1 0
github.com/erda-project/erda/apistructs/generated_desc.go:402.90,403.66 1 0
github.com/erda-project/erda/apistructs/generated_desc.go:406.2,406.58 1 0
github.com/erda-project/erda/apistructs/generated_desc.go:403.66,405.3 1 0
github.com/erda-project/erda/apistructs/generated_desc.go:409.56,410.49 1 0
github.com/erda-project/erda/apistructs/generated_desc.go:413.2,413.41 1 0
github.com/erda-project/erda/apistructs/generated_desc.go:410.49,412.3 1 0
github.com/erda-project/erda/apistructs/generated_desc.go:416.52,417.47 1 0
github.com/erda-project/erda/apistructs/generated_desc.go:420.2,420.39 1 0
github.com/erda-project/erda/apistructs/generated_desc.go:417.47,419.3 1 0
github.com/erda-project/erda/apistructs/generated_desc.go:423.54,424.48 1 0
github.com/erda-project/erda/apistructs/generated_desc.go:427.2,427.40 1 0
github.com/erda-project/erda/apistructs/generated_desc.go:424.48,426.3 1 0
github.com/erda-project/erda/apistructs/generated_desc.go:430.62,431.52 1 0
github.com/erda-project/erda/apistructs/generated_desc.go:434.2,434.44 1 0
github.com/erda-project/erda/apistructs/generated_desc.go:431.52,433.3 1 0
github.com/erda-project/erda/apistructs/generated_desc.go:437.96,438.69 1 0
github.com/erda-project/erda/apistructs/generated_desc.go:441.2,441.61 1 0
github.com/erda-project/erda/apistructs/generated_desc.go:438.69,440.3 1 0
github.com/erda-project/erda/apistructs/generated_desc.go:444.60,445.51 1 0
github.com/erda-project/erda/apistructs/generated_desc.go:448.2,448.43 1 0
github.com/erda-project/erda/apistructs/generated_desc.go:445.51,447.3 1 0
github.com/erda-project/erda/apistructs/generated_desc.go:451.66,452.54 1 0
github.com/erda-project/erda/apistructs/generated_desc.go:455.2,455.46 1 0
github.com/erda-project/erda/apistructs/generated_desc.go:452.54,454.3 1 0
github.com/erda-project/erda/apistructs/generated_desc.go:458.70,459.56 1 0
github.com/erda-project/erda/apistructs/generated_desc.go:462.2,462.48 1 0
github.com/erda-project/erda/apistructs/generated_desc.go:459.56,461.3 1 0
github.com/erda-project/erda/apistructs/generated_desc.go:465.82,466.62 1 0
github.com/erda-project/erda/apistructs/generated_desc.go:469.2,469.54 1 0
github.com/erda-project/erda/apistructs/generated_desc.go:466.62,468.3 1 0
github.com/erda-project/erda/apistructs/generated_desc.go:472.72,473.57 1 0
github.com/erda-project/erda/apistructs/generated_desc.go:476.2,476.49 1 0
github.com/erda-project/erda/apistructs/generated_desc.go:473.57,475.3 1 0
github.com/erda-project/erda/apistructs/generated_desc.go:479.80,480.61 1 0
github.com/erda-project/erda/apistructs/generated_desc.go:483.2,483.53 1 0
github.com/erda-project/erda/apistructs/generated_desc.go:480.61,482.3 1 0
github.com/erda-project/erda/apistructs/generated_desc.go:486.74,487.58 1 0
github.com/erda-project/erda/apistructs/generated_desc.go:490.2,490.50 1 0
github.com/erda-project/erda/apistructs/generated_desc.go:487.58,489.3 1 0
github.com/erda-project/erda/apistructs/generated_desc.go:493.78,494.60 1 0
github.com/erda-project/erda/apistructs/generated_desc.go:497.2,497.52 1 0
github.com/erda-project/erda/apistructs/generated_desc.go:494.60,496.3 1 0
github.com/erda-project/erda/apistructs/generated_desc.go:500.88,501.65 1 0
github.com/erda-project/erda/apistructs/generated_desc.go:504.2,504.57 1 0
github.com/erda-project/erda/apistructs/generated_desc.go:501.65,503.3 1 0
github.com/erda-project/erda/apistructs/generated_desc.go:507.72,508.57 1 0
github.com/erda-project/erda/apistructs/generated_desc.go:511.2,511.49 1 0
github.com/erda-project/erda/apistructs/generated_desc.go:508.57,510.3 1 0
github.com/erda-project/erda/apistructs/generated_desc.go:514.60,515.51 1 0
github.com/erda-project/erda/apistructs/generated_desc.go:518.2,518.43 1 0
github.com/erda-project/erda/apistructs/generated_desc.go:515.51,517.3 1 0
github.com/erda-project/erda/apistructs/generated_desc.go:521.58,522.50 1 0
github.com/erda-project/erda/apistructs/generated_desc.go:525.2,525.42 1 0
github.com/erda-project/erda/apistructs/generated_desc.go:522.50,524.3 1 0
github.com/erda-project/erda/apistructs/generated_desc.go:528.68,529.55 1 0
github.com/erda-project/erda/apistructs/generated_desc.go:532.2,532.47 1 0
github.com/erda-project/erda/apistructs/generated_desc.go:529.55,531.3 1 0
github.com/erda-project/erda/apistructs/generated_desc.go:535.78,536.60 1 0
github.com/erda-project/erda/apistructs/generated_desc.go:539.2,539.52 1 0
github.com/erda-project/erda/apistructs/generated_desc.go:536.60,538.3 1 0
github.com/erda-project/erda/apistructs/generated_desc.go:542.56,543.49 1 0
github.com/erda-project/erda/apistructs/generated_desc.go:546.2,546.41 1 0
github.com/erda-project/erda/apistructs/generated_desc.go:543.49,545.3 1 0
github.com/erda-project/erda/apistructs/generated_desc.go:549.80,550.61 1 0
github.com/erda-project/erda/apistructs/generated_desc.go:553.2,553.53 1 0
github.com/erda-project/erda/apistructs/generated_desc.go:550.61,552.3 1 0
github.com/erda-project/erda/apistructs/generated_desc.go:556.86,557.64 1 0
github.com/erda-project/erda/apistructs/generated_desc.go:560.2,560.56 1 0
github.com/erda-project/erda/apistructs/generated_desc.go:557.64,559.3 1 0
github.com/erda-project/erda/apistructs/generated_desc.go:563.72,564.57 1 0
github.com/erda-project/erda/apistructs/generated_desc.go:567.2,567.49 1 0
github.com/erda-project/erda/apistructs/generated_desc.go:564.57,566.3 1 0
github.com/erda-project/erda/apistructs/generated_desc.go:570.78,571.60 1 0
github.com/erda-project/erda/apistructs/generated_desc.go:574.2,574.52 1 0
github.com/erda-project/erda/apistructs/generated_desc.go:571.60,573.3 1 0
github.com/erda-project/erda/apistructs/generated_desc.go:577.60,578.51 1 0
github.com/erda-project/erda/apistructs/generated_desc.go:581.2,581.43 1 0
github.com/erda-project/erda/apistructs/generated_desc.go:578.51,580.3 1 0
github.com/erda-project/erda/apistructs/generated_desc.go:584.96,585.69 1 0
github.com/erda-project/erda/apistructs/generated_desc.go:588.2,588.61 1 0
github.com/erda-project/erda/apistructs/generated_desc.go:585.69,587.3 1 0
github.com/erda-project/erda/apistructs/generated_desc.go:591.76,592.59 1 0
github.com/erda-project/erda/apistructs/generated_desc.go:595.2,595.51 1 0
github.com/erda-project/erda/apistructs/generated_desc.go:592.59,594.3 1 0
github.com/erda-project/erda/apistructs/generated_desc.go:598.62,599.52 1 0
github.com/erda-project/erda/apistructs/generated_desc.go:602.2,602.44 1 0
github.com/erda-project/erda/apistructs/generated_desc.go:599.52,601.3 1 0
github.com/erda-project/erda/apistructs/generated_desc.go:605.66,606.54 1 0
github.com/erda-project/erda/apistructs/generated_desc.go:609.2,609.46 1 0
github.com/erda-project/erda/apistructs/generated_desc.go:606.54,608.3 1 0
github.com/erda-project/erda/apistructs/generated_desc.go:612.66,613.54 1 0
github.com/erda-project/erda/apistructs/generated_desc.go:616.2,616.46 1 0
github.com/erda-project/erda/apistructs/generated_desc.go:613.54,615.3 1 0
github.com/erda-project/erda/apistructs/generated_desc.go:619.70,620.56 1 0
github.com/erda-project/erda/apistructs/generated_desc.go:623.2,623.48 1 0
github.com/erda-project/erda/apistructs/generated_desc.go:620.56,622.3 1 0
github.com/erda-project/erda/apistructs/generated_desc.go:626.68,627.55 1 0
github.com/erda-project/erda/apistructs/generated_desc.go:630.2,630.47 1 0
github.com/erda-project/erda/apistructs/generated_desc.go:627.55,629.3 1 0
github.com/erda-project/erda/apistructs/generated_desc.go:633.96,634.69 1 0
github.com/erda-project/erda/apistructs/generated_desc.go:637.2,637.61 1 0
github.com/erda-project/erda/apistructs/generated_desc.go:634.69,636.3 1 0
github.com/erda-project/erda/apistructs/generated_desc.go:640.70,641.56 1 0
github.com/erda-project/erda/apistructs/generated_desc.go:644.2,644.48 1 0
github.com/erda-project/erda/apistructs/generated_desc.go:641.56,643.3 1 0
github.com/erda-project/erda/apistructs/generated_desc.go:647.68,648.55 1 0
github.com/erda-project/erda/apistructs/generated_desc.go:651.2,651.47 1 0
github.com/erda-project/erda/apistructs/generated_desc.go:648.55,650.3 1 0
github.com/erda-project/erda/apistructs/generated_desc.go:654.68,655.55 1 0
github.com/erda-project/erda/apistructs/generated_desc.go:658.2,658.47 1 0
github.com/erda-project/erda/apistructs/generated_desc.go:655.55,657.3 1 0
github.com/erda-project/erda/apistructs/generated_desc.go:661.64,662.53 1 0
github.com/erda-project/erda/apistructs/generated_desc.go:665.2,665.45 1 0
github.com/erda-project/erda/apistructs/generated_desc.go:662.53,664.3 1 0
github.com/erda-project/erda/apistructs/generated_desc.go:668.68,669.55 1 0
github.com/erda-project/erda/apistructs/generated_desc.go:672.2,672.47 1 0
github.com/erda-project/erda/apistructs/generated_desc.go:669.55,671.3 1 0
github.com/erda-project/erda/apistructs/generated_desc.go:675.52,676.47 1 0
github.com/erda-project/erda/apistructs/generated_desc.go:679.2,679.39 1 0
github.com/erda-project/erda/apistructs/generated_desc.go:676.47,678.3 1 0
github.com/erda-project/erda/apistructs/generated_desc.go:682.50,683.46 1 0
github.com/erda-project/erda/apistructs/generated_desc.go:686.2,686.38 1 0
github.com/erda-project/erda/apistructs/generated_desc.go:683.46,685.3 1 0
github.com/erda-project/erda/apistructs/generated_desc.go:689.62,690.52 1 0
github.com/erda-project/erda/apistructs/generated_desc.go:693.2,693.44 1 0
github.com/erda-project/erda/apistructs/generated_desc.go:690.52,692.3 1 0
github.com/erda-project/erda/apistructs/generated_desc.go:696.70,697.56 1 0
github.com/erda-project/erda/apistructs/generated_desc.go:700.2,700.48 1 0
github.com/erda-project/erda/apistructs/generated_desc.go:697.56,699.3 1 0
github.com/erda-project/erda/apistructs/generated_desc.go:703.74,704.58 1 0
github.com/erda-project/erda/apistructs/generated_desc.go:707.2,707.50 1 0
github.com/erda-project/erda/apistructs/generated_desc.go:704.58,706.3 1 0
github.com/erda-project/erda/apistructs/generated_desc.go:710.92,711.67 1 0
github.com/erda-project/erda/apistructs/generated_desc.go:714.2,714.59 1 0
github.com/erda-project/erda/apistructs/generated_desc.go:711.67,713.3 1 0
github.com/erda-project/erda/apistructs/generated_desc.go:717.72,718.57 1 0
github.com/erda-project/erda/apistructs/generated_desc.go:721.2,721.49 1 0
github.com/erda-project/erda/apistructs/generated_desc.go:718.57,720.3 1 0
github.com/erda-project/erda/apistructs/generated_desc.go:724.68,725.55 1 0
github.com/erda-project/erda/apistructs/generated_desc.go:728.2,728.47 1 0
github.com/erda-project/erda/apistructs/generated_desc.go:725.55,727.3 1 0
github.com/erda-project/erda/apistructs/generated_desc.go:731.54,732.48 1 0
github.com/erda-project/erda/apistructs/generated_desc.go:735.2,735.40 1 0
github.com/erda-project/erda/apistructs/generated_desc.go:732.48,734.3 1 0
github.com/erda-project/erda/apistructs/generated_desc.go:738.54,739.48 1 0
github.com/erda-project/erda/apistructs/generated_desc.go:742.2,742.40 1 0
github.com/erda-project/erda/apistructs/generated_desc.go:739.48,741.3 1 0
github.com/erda-project/erda/apistructs/generated_desc.go:745.72,746.57 1 0
github.com/erda-project/erda/apistructs/generated_desc.go:749.2,749.49 1 0
github.com/erda-project/erda/apistructs/generated_desc.go:746.57,748.3 1 0
github.com/erda-project/erda/apistructs/generated_desc.go:752.66,753.54 1 0
github.com/erda-project/erda/apistructs/generated_desc.go:756.2,756.46 1 0
github.com/erda-project/erda/apistructs/generated_desc.go:753.54,755.3 1 0
github.com/erda-project/erda/apistructs/generated_desc.go:759.94,760.68 1 0
github.com/erda-project/erda/apistructs/generated_desc.go:763.2,763.60 1 0
github.com/erda-project/erda/apistructs/generated_desc.go:760.68,762.3 1 0
github.com/erda-project/erda/apistructs/generated_desc.go:766.70,767.56 1 0
github.com/erda-project/erda/apistructs/generated_desc.go:770.2,770.48 1 0
github.com/erda-project/erda/apistructs/generated_desc.go:767.56,769.3 1 0
github.com/erda-project/erda/apistructs/generated_desc.go:773.58,774.50 1 0
github.com/erda-project/erda/apistructs/generated_desc.go:777.2,777.42 1 0
github.com/erda-project/erda/apistructs/generated_desc.go:774.50,776.3 1 0
github.com/erda-project/erda/apistructs/generated_desc.go:780.68,781.55 1 0
github.com/erda-project/erda/apistructs/generated_desc.go:784.2,784.47 1 0
github.com/erda-project/erda/apistructs/generated_desc.go:781.55,783.3 1 0
github.com/erda-project/erda/apistructs/generated_desc.go:787.62,788.52 1 0
github.com/erda-project/erda/apistructs/generated_desc.go:791.2,791.44 1 0
github.com/erda-project/erda/apistructs/generated_desc.go:788.52,790.3 1 0
github.com/erda-project/erda/apistructs/generated_desc.go:794.60,795.51 1 0
github.com/erda-project/erda/apistructs/generated_desc.go:798.2,798.43 1 0
github.com/erda-project/erda/apistructs/generated_desc.go:795.51,797.3 1 0
github.com/erda-project/erda/apistructs/generated_desc.go:801.82,802.62 1 0
github.com/erda-project/erda/apistructs/generated_desc.go:805.2,805.54 1 0
github.com/erda-project/erda/apistructs/generated_desc.go:802.62,804.3 1 0
github.com/erda-project/erda/apistructs/generated_desc.go:808.56,809.49 1 0
github.com/erda-project/erda/apistructs/generated_desc.go:812.2,812.41 1 0
github.com/erda-project/erda/apistructs/generated_desc.go:809.49,811.3 1 0
github.com/erda-project/erda/apistructs/generated_desc.go:815.62,816.52 1 0
github.com/erda-project/erda/apistructs/generated_desc.go:819.2,819.44 1 0
github.com/erda-project/erda/apistructs/generated_desc.go:816.52,818.3 1 0
github.com/erda-project/erda/apistructs/generated_desc.go:822.60,823.51 1 0
github.com/erda-project/erda/apistructs/generated_desc.go:826.2,826.43 1 0
github.com/erda-project/erda/apistructs/generated_desc.go:823.51,825.3 1 0
github.com/erda-project/erda/apistructs/generated_desc.go:829.76,830.59 1 0
github.com/erda-project/erda/apistructs/generated_desc.go:833.2,833.51 1 0
github.com/erda-project/erda/apistructs/generated_desc.go:830.59,832.3 1 0
github.com/erda-project/erda/apistructs/generated_desc.go:836.60,837.51 1 0
github.com/erda-project/erda/apistructs/generated_desc.go:840.2,840.43 1 0
github.com/erda-project/erda/apistructs/generated_desc.go:837.51,839.3 1 0
github.com/erda-project/erda/apistructs/generated_desc.go:843.102,844.72 1 0
github.com/erda-project/erda/apistructs/generated_desc.go:847.2,847.64 1 0
github.com/erda-project/erda/apistructs/generated_desc.go:844.72,846.3 1 0
github.com/erda-project/erda/apistructs/generated_desc.go:850.72,851.57 1 0
github.com/erda-project/erda/apistructs/generated_desc.go:854.2,854.49 1 0
github.com/erda-project/erda/apistructs/generated_desc.go:851.57,853.3 1 0
github.com/erda-project/erda/apistructs/generated_desc.go:857.74,858.58 1 0
github.com/erda-project/erda/apistructs/generated_desc.go:861.2,861.50 1 0
github.com/erda-project/erda/apistructs/generated_desc.go:858.58,860.3 1 0
github.com/erda-project/erda/apistructs/generated_desc.go:864.72,865.57 1 0
github.com/erda-project/erda/apistructs/generated_desc.go:868.2,868.49 1 0
github.com/erda-project/erda/apistructs/generated_desc.go:865.57,867.3 1 0
github.com/erda-project/erda/apistructs/generated_desc.go:871.76,872.59 1 0
github.com/erda-project/erda/apistructs/generated_desc.go:875.2,875.51 1 0
github.com/erda-project/erda/apistructs/generated_desc.go:872.59,874.3 1 0
github.com/erda-project/erda/apistructs/generated_desc.go:878.72,879.57 1 0
github.com/erda-project/erda/apistructs/generated_desc.go:882.2,882.49 1 0
github.com/erda-project/erda/apistructs/generated_desc.go:879.57,881.3 1 0
github.com/erda-project/erda/apistructs/generated_desc.go:885.84,886.63 1 0
github.com/erda-project/erda/apistructs/generated_desc.go:889.2,889.55 1 0
github.com/erda-project/erda/apistructs/generated_desc.go:886.63,888.3 1 0
github.com/erda-project/erda/apistructs/generated_desc.go:892.62,893.52 1 0
github.com/erda-project/erda/apistructs/generated_desc.go:896.2,896.44 1 0
github.com/erda-project/erda/apistructs/generated_desc.go:893.52,895.3 1 0
github.com/erda-project/erda/apistructs/generated_desc.go:899.74,900.58 1 0
github.com/erda-project/erda/apistructs/generated_desc.go:903.2,903.50 1 0
github.com/erda-project/erda/apistructs/generated_desc.go:900.58,902.3 1 0
github.com/erda-project/erda/apistructs/generated_desc.go:906.48,907.45 1 0
github.com/erda-project/erda/apistructs/generated_desc.go:910.2,910.37 1 0
github.com/erda-project/erda/apistructs/generated_desc.go:907.45,909.3 1 0
github.com/erda-project/erda/apistructs/generated_desc.go:913.72,914.57 1 0
github.com/erda-project/erda/apistructs/generated_desc.go:917.2,917.49 1 0
github.com/erda-project/erda/apistructs/generated_desc.go:914.57,916.3 1 0
github.com/erda-project/erda/apistructs/generated_desc.go:920.70,921.56 1 0
github.com/erda-project/erda/apistructs/generated_desc.go:924.2,924.48 1 0
github.com/erda-project/erda/apistructs/generated_desc.go:921.56,923.3 1 0
github.com/erda-project/erda/apistructs/generated_desc.go:927.58,928.50 1 0
github.com/erda-project/erda/apistructs/generated_desc.go:931.2,931.42 1 0
github.com/erda-project/erda/apistructs/generated_desc.go:928.50,930.3 1 0
github.com/erda-project/erda/apistructs/generated_desc.go:934.46,935.44 1 0
github.com/erda-project/erda/apistructs/generated_desc.go:938.2,938.36 1 0
github.com/erda-project/erda/apistructs/generated_desc.go:935.44,937.3 1 0
github.com/erda-project/erda/apistructs/generated_desc.go:941.58,942.50 1 0
github.com/erda-project/erda/apistructs/generated_desc.go:945.2,945.42 1 0
github.com/erda-project/erda/apistructs/generated_desc.go:942.50,944.3 1 0
github.com/erda-project/erda/apistructs/generated_desc.go:948.76,949.59 1 0
github.com/erda-project/erda/apistructs/generated_desc.go:952.2,952.51 1 0
github.com/erda-project/erda/apistructs/generated_desc.go:949.59,951.3 1 0
github.com/erda-project/erda/apistructs/generated_desc.go:955.82,956.62 1 0
github.com/erda-project/erda/apistructs/generated_desc.go:959.2,959.54 1 0
github.com/erda-project/erda/apistructs/generated_desc.go:956.62,958.3 1 0
github.com/erda-project/erda/apistructs/generated_desc.go:962.68,963.55 1 0
github.com/erda-project/erda/apistructs/generated_desc.go:966.2,966.47 1 0
github.com/erda-project/erda/apistructs/generated_desc.go:963.55,965.3 1 0
github.com/erda-project/erda/apistructs/generated_desc.go:969.70,970.56 1 0
github.com/erda-project/erda/apistructs/generated_desc.go:973.2,973.48 1 0
github.com/erda-project/erda/apistructs/generated_desc.go:970.56,972.3 1 0
github.com/erda-project/erda/apistructs/generated_desc.go:976.84,977.63 1 0
github.com/erda-project/erda/apistructs/generated_desc.go:980.2,980.55 1 0
[...]
github.com/erda-project/erda/pkg/cron/parser.go:317.59,318.20 1 0
github.com/erda-project/erda/pkg/cron/parser.go:370.2,371.42 2 0
github.com/erda-project/erda/pkg/cron/parser.go:379.2,379.67 1 0
github.com/erda-project/erda/pkg/cron/parser.go:319.30,327.9 1 0
github.com/erda-project/erda/pkg/cron/parser.go:329.18,337.9 1 0
github.com/erda-project/erda/pkg/cron/parser.go:339.17,347.9 1 0
github.com/erda-project/erda/pkg/cron/parser.go:349.29,357.9 1 0
github.com/erda-project/erda/pkg/cron/parser.go:359.17,367.9 1 0
github.com/erda-project/erda/pkg/cron/parser.go:371.42,373.17 2 0
github.com/erda-project/erda/pkg/cron/parser.go:376.3,376.30 1 0
github.com/erda-project/erda/pkg/cron/parser.go:373.17,375.4 1 0
github.com/erda-project/erda/pkg/cron/spec.go:55.52,73.1 4 0
github.com/erda-project/erda/pkg/cron/spec.go:74.2,74.26 1 0
github.com/erda-project/erda/pkg/cron/spec.go:80.2,80.38 1 0
github.com/erda-project/erda/pkg/cron/spec.go:96.2,96.24 1 0
github.com/erda-project/erda/pkg/cron/spec.go:108.2,108.36 1 0
github.com/erda-project/erda/pkg/cron/spec.go:120.2,120.40 1 0
github.com/erda-project/erda/pkg/cron/spec.go:132.2,132.40 1 0
github.com/erda-project/erda/pkg/cron/spec.go:144.2,144.10 1 0
github.com/erda-project/erda/pkg/cron/spec.go:74.26,76.3 1 0
github.com/erda-project/erda/pkg/cron/spec.go:80.38,82.13 1 0
github.com/erda-project/erda/pkg/cron/spec.go:87.3,90.32 2 0
github.com/erda-project/erda/pkg/cron/spec.go:82.13,86.4 2 0
github.com/erda-project/erda/pkg/cron/spec.go:90.32,91.13 1 0
github.com/erda-project/erda/pkg/cron/spec.go:96.24,97.13 1 0
github.com/erda-project/erda/pkg/cron/spec.go:101.3,103.19 2 0
github.com/erda-project/erda/pkg/cron/spec.go:97.13,100.4 2 0
github.com/erda-project/erda/pkg/cron/spec.go:103.19,104.13 1 0
github.com/erda-project/erda/pkg/cron/spec.go:108.36,109.13 1 0
github.com/erda-project/erda/pkg/cron/spec.go:113.3,115.20 2 0
github.com/erda-project/erda/pkg/cron/spec.go:109.13,112.4 2 0
github.com/erda-project/erda/pkg/cron/spec.go:115.20,116.13 1 0
github.com/erda-project/erda/pkg/cron/spec.go:120.40,121.13 1 0
github.com/erda-project/erda/pkg/cron/spec.go:125.3,127.22 2 0
github.com/erda-project/erda/pkg/cron/spec.go:121.13,124.4 2 0
github.com/erda-project/erda/pkg/cron/spec.go:127.22,128.13 1 0
github.com/erda-project/erda/pkg/cron/spec.go:132.40,133.13 1 0
github.com/erda-project/erda/pkg/cron/spec.go:137.3,139.22 2 0
github.com/erda-project/erda/pkg/cron/spec.go:133.13,136.4 2 0
github.com/erda-project/erda/pkg/cron/spec.go:139.22,140.13 1 0
github.com/erda-project/erda/pkg/cron/spec.go:149.52,154.44 2 0
github.com/erda-project/erda/pkg/cron/spec.go:157.2,157.29 1 0
github.com/erda-project/erda/pkg/cron/spec.go:154.44,156.3 1 0
github.com/erda-project/erda/pkg/envconf/envconf.go:39.32,40.34 1 0
github.com/erda-project/erda/pkg/envconf/envconf.go:40.34,41.13 1 0
github.com/erda-project/erda/pkg/envconf/envconf.go:46.34,48.31 2 8
github.com/erda-project/erda/pkg/envconf/envconf.go:51.2,58.27 5 7
github.com/erda-project/erda/pkg/envconf/envconf.go:150.2,150.12 1 5
github.com/erda-project/erda/pkg/envconf/envconf.go:48.31,50.3 1 1
github.com/erda-project/erda/pkg/envconf/envconf.go:58.27,65.16 4 19
github.com/erda-project/erda/pkg/envconf/envconf.go:69.3,70.13 2 19
github.com/erda-project/erda/pkg/envconf/envconf.go:73.3,75.35 2 19
github.com/erda-project/erda/pkg/envconf/envconf.go:78.3,81.78 2 19
github.com/erda-project/erda/pkg/envconf/envconf.go:86.3,86.18 1 17
github.com/erda-project/erda/pkg/envconf/envconf.go:90.3,90.32 1 14
github.com/erda-project/erda/pkg/envconf/envconf.go:65.16,66.12 1 0
github.com/erda-project/erda/pkg/envconf/envconf.go:70.13,72.4 1 0
github.com/erda-project/erda/pkg/envconf/envconf.go:75.35,77.4 1 11
github.com/erda-project/erda/pkg/envconf/envconf.go:81.78,83.4 1 2
github.com/erda-project/erda/pkg/envconf/envconf.go:86.18,87.12 1 3
github.com/erda-project/erda/pkg/envconf/envconf.go:91.23,92.31 1 3
github.com/erda-project/erda/pkg/envconf/envconf.go:94.20,96.18 2 4
github.com/erda-project/erda/pkg/envconf/envconf.go:99.4,99.38 1 4
github.com/erda-project/erda/pkg/envconf/envconf.go:101.22,102.53 1 2
github.com/erda-project/erda/pkg/envconf/envconf.go:116.23,118.18 2 0
github.com/erda-project/erda/pkg/envconf/envconf.go:121.4,121.25 1 0
github.com/erda-project/erda/pkg/envconf/envconf.go:123.24,125.18 2 0
github.com/erda-project/erda/pkg/envconf/envconf.go:128.4,128.26 1 0
github.com/erda-project/erda/pkg/envconf/envconf.go:130.21,131.34 1 2
github.com/erda-project/erda/pkg/envconf/envconf.go:138.11,144.18 6 3
github.com/erda-project/erda/pkg/envconf/envconf.go:147.4,147.35 1 3
github.com/erda-project/erda/pkg/envconf/envconf.go:96.18,98.5 1 0
github.com/erda-project/erda/pkg/envconf/envconf.go:102.53,104.19 2 2
github.com/erda-project/erda/pkg/envconf/envconf.go:107.5,107.39 1 2
github.com/erda-project/erda/pkg/envconf/envconf.go:104.19,106.6 1 0
github.com/erda-project/erda/pkg/envconf/envconf.go:108.10,110.19 2 0
github.com/erda-project/erda/pkg/envconf/envconf.go:113.5,113.25 1 0
github.com/erda-project/erda/pkg/envconf/envconf.go:110.19,112.6 1 0
github.com/erda-project/erda/pkg/envconf/envconf.go:118.18,120.5 1 0
github.com/erda-project/erda/pkg/envconf/envconf.go:125.18,127.5 1 0
github.com/erda-project/erda/pkg/envconf/envconf.go:132.16,133.29 1 2
github.com/erda-project/erda/pkg/envconf/envconf.go:134.17,135.30 1 0
github.com/erda-project/erda/pkg/envconf/envconf.go:144.18,146.5 1 0
github.com/erda-project/erda/pkg/datomic/datomic.go:28.37,30.16 2 1
github.com/erda-project/erda/pkg/datomic/datomic.go:33.2,37.16 5 1
github.com/erda-project/erda/pkg/datomic/datomic.go:40.2,48.16 3 0
github.com/erda-project/erda/pkg/datomic/datomic.go:51.2,51.21 1 0
github.com/erda-project/erda/pkg/datomic/datomic.go:58.2,59.18 2 0
github.com/erda-project/erda/pkg/datomic/datomic.go:63.2,63.90 1 0
github.com/erda-project/erda/pkg/datomic/datomic.go:30.16,32.3 1 0
github.com/erda-project/erda/pkg/datomic/datomic.go:37.16,39.3 1 0
github.com/erda-project/erda/pkg/datomic/datomic.go:48.16,50.3 1 0
github.com/erda-project/erda/pkg/datomic/datomic.go:51.21,52.72 1 0
github.com/erda-project/erda/pkg/datomic/datomic.go:55.3,55.80 1 0
github.com/erda-project/erda/pkg/datomic/datomic.go:52.72,54.4 1 0
github.com/erda-project/erda/pkg/datomic/datomic.go:59.18,61.3 1 0
github.com/erda-project/erda/pkg/datomic/datomic.go:69.85,70.6 1 0
github.com/erda-project/erda/pkg/datomic/datomic.go:70.6,72.17 2 0
github.com/erda-project/erda/pkg/datomic/datomic.go:76.3,76.23 1 0
github.com/erda-project/erda/pkg/datomic/datomic.go:78.3,79.17 2 0
github.com/erda-project/erda/pkg/datomic/datomic.go:83.3,83.17 1 0
github.com/erda-project/erda/pkg/datomic/datomic.go:86.3,86.10 1 0
github.com/erda-project/erda/pkg/datomic/datomic.go:72.17,74.12 2 0
github.com/erda-project/erda/pkg/datomic/datomic.go:76.24,77.4 0 0
github.com/erda-project/erda/pkg/datomic/datomic.go:79.17,81.12 2 0
github.com/erda-project/erda/pkg/datomic/datomic.go:83.17,84.9 1 0
github.com/erda-project/erda/pkg/datomic/datomic.go:87.21,88.10 1 0
github.com/erda-project/erda/pkg/datomic/datomic.go:93.69,94.41 1 0
github.com/erda-project/erda/pkg/datomic/datomic.go:107.2,107.68 1 0
github.com/erda-project/erda/pkg/datomic/datomic.go:110.2,110.8 1 0
github.com/erda-project/erda/pkg/datomic/datomic.go:94.41,96.17 2 0
github.com/erda-project/erda/pkg/datomic/datomic.go:99.3,99.17 1 0
github.com/erda-project/erda/pkg/datomic/datomic.go:104.3,105.13 2 0
github.com/erda-project/erda/pkg/datomic/datomic.go:96.17,98.4 1 0
github.com/erda-project/erda/pkg/datomic/datomic.go:99.17,101.4 1 0
github.com/erda-project/erda/pkg/datomic/datomic.go:101.9,103.4 1 0
github.com/erda-project/erda/pkg/datomic/datomic.go:107.68,109.3 1 0
github.com/erda-project/erda/pkg/datomic/datomic.go:114.76,116.43 2 0
github.com/erda-project/erda/pkg/datomic/datomic.go:129.2,129.71 1 0
github.com/erda-project/erda/pkg/datomic/datomic.go:132.2,132.24 1 0
github.com/erda-project/erda/pkg/datomic/datomic.go:116.43,118.17 2 0
github.com/erda-project/erda/pkg/datomic/datomic.go:121.3,121.16 1 0
github.com/erda-project/erda/pkg/datomic/datomic.go:126.3,127.13 2 0
github.com/erda-project/erda/pkg/datomic/datomic.go:118.17,120.4 1 0
github.com/erda-project/erda/pkg/datomic/datomic.go:121.16,125.4 3 0
github.com/erda-project/erda/pkg/datomic/datomic.go:129.71,131.3 1 0
github.com/erda-project/erda/pkg/datomic/datomic.go:136.30,139.55 1 0
github.com/erda-project/erda/pkg/datomic/datomic.go:142.2,143.12 2 0
github.com/erda-project/erda/pkg/datomic/datomic.go:139.55,141.3 1 0
github.com/erda-project/erda/pkg/datomic/datomic.go:146.36,148.2 1 1
github.com/erda-project/erda/pkg/expression/expression_reconcile.go:47.53,50.21 1 0
github.com/erda-project/erda/pkg/expression/expression_reconcile.go:56.2,60.16 4 0
github.com/erda-project/erda/pkg/expression/expression_reconcile.go:67.2,68.16 2 0
github.com/erda-project/erda/pkg/expression/expression_reconcile.go:75.2,76.11 2 0
github.com/erda-project/erda/pkg/expression/expression_reconcile.go:83.2,85.3 1 0
github.com/erda-project/erda/pkg/expression/expression_reconcile.go:50.21,54.3 1 0
github.com/erda-project/erda/pkg/expression/expression_reconcile.go:60.16,65.3 1 0
github.com/erda-project/erda/pkg/expression/expression_reconcile.go:68.16,73.3 1 0
github.com/erda-project/erda/pkg/expression/expression_reconcile.go:76.11,81.3 1 0
github.com/erda-project/erda/pkg/expression/expression_reconcile.go:88.50,92.2 3 8
github.com/erda-project/erda/pkg/expression/expression_reconcile.go:94.49,96.2 1 0
github.com/erda-project/erda/pkg/expression/expression_reconcile.go:102.102,104.31 2 0
github.com/erda-project/erda/pkg/expression/expression_reconcile.go:126.2,126.17 1 0
github.com/erda-project/erda/pkg/expression/expression_reconcile.go:104.31,106.35 2 0
github.com/erda-project/erda/pkg/expression/expression_reconcile.go:112.3,112.12 1 0
github.com/erda-project/erda/pkg/expression/expression_reconcile.go:116.3,117.17 2 0
github.com/erda-project/erda/pkg/expression/expression_reconcile.go:120.3,121.17 2 0
github.com/erda-project/erda/pkg/expression/expression_reconcile.go:124.3,124.44 1 0
github.com/erda-project/erda/pkg/expression/expression_reconcile.go:106.35,107.105 1 0
github.com/erda-project/erda/pkg/expression/expression_reconcile.go:107.105,109.10 2 0
github.com/erda-project/erda/pkg/expression/expression_reconcile.go:112.12,113.12 1 0
github.com/erda-project/erda/pkg/expression/expression_reconcile.go:117.17,119.4 1 0
github.com/erda-project/erda/pkg/expression/expression_reconcile.go:121.17,123.4 1 0
github.com/erda-project/erda/pkg/expression/expression_reconcile.go:129.61,130.23 1 0
github.com/erda-project/erda/pkg/expression/expression_reconcile.go:143.2,144.16 2 0
github.com/erda-project/erda/pkg/expression/expression_reconcile.go:147.2,147.30 1 0
github.com/erda-project/erda/pkg/expression/expression_reconcile.go:131.14,132.30 1 0
github.com/erda-project/erda/pkg/expression/expression_reconcile.go:133.11,134.41 1 0
github.com/erda-project/erda/pkg/expression/expression_reconcile.go:135.15,136.65 1 0
github.com/erda-project/erda/pkg/expression/expression_reconcile.go:137.15,138.65 1 0
github.com/erda-project/erda/pkg/expression/expression_reconcile.go:139.12,140.48 1 0
github.com/erda-project/erda/pkg/expression/expression_reconcile.go:144.16,146.3 1 0
github.com/erda-project/erda/pkg/expression/expression_reconcile.go:151.41,153.2 1 0
github.com/erda-project/erda/pkg/dlock/dlock.go:53.32,54.26 1 1
github.com/erda-project/erda/pkg/dlock/dlock.go:54.26,56.3 1 1
github.com/erda-project/erda/pkg/dlock/dlock.go:59.57,60.25 1 1
github.com/erda-project/erda/pkg/dlock/dlock.go:63.2,63.21 1 1
github.com/erda-project/erda/pkg/dlock/dlock.go:66.2,66.12 1 1
github.com/erda-project/erda/pkg/dlock/dlock.go:60.25,62.3 1 1
github.com/erda-project/erda/pkg/dlock/dlock.go:63.21,65.3 1 0
github.com/erda-project/erda/pkg/dlock/dlock.go:69.84,72.50 2 1
github.com/erda-project/erda/pkg/dlock/dlock.go:76.2,78.15 3 1
github.com/erda-project/erda/pkg/dlock/dlock.go:84.2,85.24 2 1
github.com/erda-project/erda/pkg/dlock/dlock.go:88.2,89.16 2 1
github.com/erda-project/erda/pkg/dlock/dlock.go:92.2,92.27 1 1
github.com/erda-project/erda/pkg/dlock/dlock.go:104.2,110.16 2 1
github.com/erda-project/erda/pkg/dlock/dlock.go:113.2,114.16 2 1
github.com/erda-project/erda/pkg/dlock/dlock.go:117.2,127.12 3 0
github.com/erda-project/erda/pkg/dlock/dlock.go:140.2,140.16 1 0
github.com/erda-project/erda/pkg/dlock/dlock.go:72.50,74.3 1 0
github.com/erda-project/erda/pkg/dlock/dlock.go:78.15,80.3 1 1
github.com/erda-project/erda/pkg/dlock/dlock.go:80.8,82.3 1 0
github.com/erda-project/erda/pkg/dlock/dlock.go:85.24,87.3 1 0
github.com/erda-project/erda/pkg/dlock/dlock.go:89.16,91.3 1 0
github.com/erda-project/erda/pkg/dlock/dlock.go:92.27,99.17 3 0
github.com/erda-project/erda/pkg/dlock/dlock.go:99.17,101.4 1 0
github.com/erda-project/erda/pkg/dlock/dlock.go:110.16,112.3 1 0
github.com/erda-project/erda/pkg/dlock/dlock.go:114.16,116.3 1 0
github.com/erda-project/erda/pkg/dlock/dlock.go:127.12,128.10 1 0
github.com/erda-project/erda/pkg/dlock/dlock.go:129.27,131.21 1 0
github.com/erda-project/erda/pkg/dlock/dlock.go:134.4,134.31 1 0
github.com/erda-project/erda/pkg/dlock/dlock.go:131.21,133.5 1 0
github.com/erda-project/erda/pkg/dlock/dlock.go:134.31,136.5 1 0
github.com/erda-project/erda/pkg/dlock/dlock.go:144.49,146.2 1 0
github.com/erda-project/erda/pkg/dlock/dlock.go:148.32,150.2 1 0
github.com/erda-project/erda/pkg/dlock/dlock.go:152.31,155.42 3 0
github.com/erda-project/erda/pkg/dlock/dlock.go:159.2,159.41 1 0
github.com/erda-project/erda/pkg/dlock/dlock.go:163.2,163.20 1 0
github.com/erda-project/erda/pkg/dlock/dlock.go:166.2,166.45 1 0
github.com/erda-project/erda/pkg/dlock/dlock.go:155.42,158.3 2 0
github.com/erda-project/erda/pkg/dlock/dlock.go:159.41,162.3 2 0
github.com/erda-project/erda/pkg/dlock/dlock.go:163.20,165.3 1 0
github.com/erda-project/erda/pkg/dlock/dlock.go:169.40,172.2 2 0
github.com/erda-project/erda/pkg/dlock/dlock.go:175.30,177.2 1 0
github.com/erda-project/erda/pkg/dlock/dlock.go:179.41,181.16 2 0
github.com/erda-project/erda/pkg/dlock/dlock.go:184.2,184.25 1 0
github.com/erda-project/erda/pkg/dlock/dlock.go:181.16,183.3 1 0
github.com/erda-project/erda/pkg/footnote/footnote.go:30.24,30.25 0 0
github.com/erda-project/erda/pkg/footnote/footnote.go:31.24,31.25 0 0
github.com/erda-project/erda/pkg/footnote/footnote.go:32.24,32.25 0 0
github.com/erda-project/erda/pkg/footnote/footnote.go:33.24,33.25 0 0
github.com/erda-project/erda/pkg/footnote/footnote.go:34.24,34.25 0 0
github.com/erda-project/erda/pkg/footnote/footnote.go:35.24,35.25 0 0
github.com/erda-project/erda/pkg/footnote/footnote.go:37.30,39.12 2 11
github.com/erda-project/erda/pkg/footnote/footnote.go:42.2,42.12 1 11
github.com/erda-project/erda/pkg/footnote/footnote.go:45.2,46.30 2 11
github.com/erda-project/erda/pkg/footnote/footnote.go:49.2,49.10 1 11
github.com/erda-project/erda/pkg/footnote/footnote.go:39.12,41.3 1 0
github.com/erda-project/erda/pkg/footnote/footnote.go:42.12,44.3 1 0
github.com/erda-project/erda/pkg/footnote/footnote.go:46.30,48.3 1 5
github.com/erda-project/erda/pkg/footnote/footnote.go:51.44,53.12 2 1
github.com/erda-project/erda/pkg/footnote/footnote.go:56.2,56.12 1 1
github.com/erda-project/erda/pkg/footnote/footnote.go:59.2,60.30 2 0
github.com/erda-project/erda/pkg/footnote/footnote.go:63.2,63.10 1 0
github.com/erda-project/erda/pkg/footnote/footnote.go:53.12,55.3 1 0
github.com/erda-project/erda/pkg/footnote/footnote.go:56.12,58.3 1 1
github.com/erda-project/erda/pkg/footnote/footnote.go:60.30,62.3 1 0
github.com/erda-project/erda/pkg/footnote/footnote.go:72.45,73.19 1 41
github.com/erda-project/erda/pkg/footnote/footnote.go:76.2,78.25 3 39
github.com/erda-project/erda/pkg/footnote/footnote.go:99.2,99.12 1 0
github.com/erda-project/erda/pkg/footnote/footnote.go:73.19,75.3 1 2
github.com/erda-project/erda/pkg/footnote/footnote.go:79.15,81.26 2 3
github.com/erda-project/erda/pkg/footnote/footnote.go:82.16,83.67 1 8
github.com/erda-project/erda/pkg/footnote/footnote.go:84.12,85.51 1 9
github.com/erda-project/erda/pkg/footnote/footnote.go:86.12,88.47 2 2
github.com/erda-project/erda/pkg/footnote/footnote.go:89.16,94.26 5 16
github.com/erda-project/erda/pkg/footnote/footnote.go:95.14,96.26 1 1
github.com/erda-project/erda/pkg/footnote/footnote.go:102.27,104.2 1 12
github.com/erda-project/erda/pkg/footnote/footnote.go:106.40,108.25 2 13
github.com/erda-project/erda/pkg/footnote/footnote.go:111.2,111.18 1 13
github.com/erda-project/erda/pkg/footnote/footnote.go:108.25,110.3 1 342
github.com/erda-project/erda/pkg/footnote/footnote.go:114.24,116.2 1 3
github.com/erda-project/erda/pkg/footnote/footnote.go:117.20,119.2 1 9
github.com/erda-project/erda/pkg/footnote/footnote.go:120.24,122.2 1 9
github.com/erda-project/erda/pkg/footnote/footnote.go:123.21,125.2 1 2
github.com/erda-project/erda/pkg/footnote/footnote.go:126.30,128.2 1 0
github.com/erda-project/erda/pkg/footnote/footnote.go:129.18,131.2 1 1
github.com/erda-project/erda/pkg/footnote/footnote.go:141.36,146.2 1 1
github.com/erda-project/erda/pkg/footnote/footnote.go:148.62,149.20 1 1
github.com/erda-project/erda/pkg/footnote/footnote.go:152.2,152.25 1 1
github.com/erda-project/erda/pkg/footnote/footnote.go:155.2,155.10 1 1
github.com/erda-project/erda/pkg/footnote/footnote.go:149.20,151.3 1 0
github.com/erda-project/erda/pkg/footnote/footnote.go:152.25,154.3 1 1
github.com/erda-project/erda/pkg/footnote/footnote.go:158.62,159.20 1 1
github.com/erda-project/erda/pkg/footnote/footnote.go:162.2,163.31 2 1
github.com/erda-project/erda/pkg/footnote/footnote.go:169.2,169.10 1 0
github.com/erda-project/erda/pkg/footnote/footnote.go:159.20,161.3 1 0
github.com/erda-project/erda/pkg/footnote/footnote.go:163.31,165.17 2 3
github.com/erda-project/erda/pkg/footnote/footnote.go:165.17,167.4 1 1
github.com/erda-project/erda/pkg/footnote/footnote.go:172.75,173.20 1 1
github.com/erda-project/erda/pkg/footnote/footnote.go:176.2,177.19 2 1
github.com/erda-project/erda/pkg/footnote/footnote.go:184.2,184.10 1 0
github.com/erda-project/erda/pkg/footnote/footnote.go:173.20,175.3 1 1
github.com/erda-project/erda/pkg/footnote/footnote.go:177.19,178.20 1 1
github.com/erda-project/erda/pkg/footnote/footnote.go:178.20,180.4 1 1
github.com/erda-project/erda/pkg/footnote/footnote.go:180.9,180.27 1 0
github.com/erda-project/erda/pkg/footnote/footnote.go:180.27,182.4 1 0
github.com/erda-project/erda/pkg/footnote/footnote.go:187.34,189.25 2 1
github.com/erda-project/erda/pkg/footnote/footnote.go:192.2,193.25 2 1
github.com/erda-project/erda/pkg/footnote/footnote.go:197.2,204.30 8 1
github.com/erda-project/erda/pkg/footnote/footnote.go:189.25,191.3 1 1
github.com/erda-project/erda/pkg/footnote/footnote.go:193.25,195.3 1 1
github.com/erda-project/erda/pkg/footnote/footnote.go:208.36,210.23 2 2
github.com/erda-project/erda/pkg/footnote/footnote.go:215.2,216.20 2 2
github.com/erda-project/erda/pkg/footnote/footnote.go:219.2,219.8 1 2
github.com/erda-project/erda/pkg/footnote/footnote.go:210.23,211.30 1 4
github.com/erda-project/erda/pkg/footnote/footnote.go:211.30,213.4 1 1
github.com/erda-project/erda/pkg/footnote/footnote.go:216.20,218.3 1 4
github.com/erda-project/erda/pkg/footnote/footnote.go:222.37,224.26 2 1
github.com/erda-project/erda/pkg/footnote/footnote.go:227.2,227.24 1 1
github.com/erda-project/erda/pkg/footnote/footnote.go:224.26,226.3 1 4
github.com/erda-project/erda/pkg/footnote/footnote.go:230.29,232.2 1 1
github.com/erda-project/erda/pkg/footnote/footnote.go:234.43,236.29 2 1
github.com/erda-project/erda/pkg/footnote/footnote.go:246.2,246.10 1 1
github.com/erda-project/erda/pkg/footnote/footnote.go:236.29,241.31 4 1
github.com/erda-project/erda/pkg/footnote/footnote.go:244.3,244.59 1 1
github.com/erda-project/erda/pkg/footnote/footnote.go:241.31,243.4 1 1
